{"/Users/admin/work/side_projects/nft-marketplace/src/chain/adapters/EthereumAdapter.js":{"path":"/Users/admin/work/side_projects/nft-marketplace/src/chain/adapters/EthereumAdapter.js","statementMap":{"0":{"start":{"line":3,"column":51},"end":{"line":3,"column":334}},"1":{"start":{"line":3,"column":153},"end":{"line":3,"column":171}},"2":{"start":{"line":3,"column":193},"end":{"line":3,"column":317}},"3":{"start":{"line":5,"column":0},"end":{"line":7,"column":3}},"4":{"start":{"line":8,"column":0},"end":{"line":8,"column":28}},"5":{"start":{"line":10,"column":14},"end":{"line":10,"column":67}},"6":{"start":{"line":12,"column":11},"end":{"line":12,"column":61}},"7":{"start":{"line":14,"column":13},"end":{"line":14,"column":35}},"8":{"start":{"line":16,"column":39},"end":{"line":16,"column":95}},"9":{"start":{"line":18,"column":196},"end":{"line":18,"column":269}},"10":{"start":{"line":18,"column":251},"end":{"line":18,"column":266}},"11":{"start":{"line":18,"column":284},"end":{"line":18,"column":286}},"12":{"start":{"line":18,"column":293},"end":{"line":18,"column":309}},"13":{"start":{"line":18,"column":320},"end":{"line":18,"column":337}},"14":{"start":{"line":18,"column":349},"end":{"line":18,"column":390}},"15":{"start":{"line":18,"column":409},"end":{"line":18,"column":441}},"16":{"start":{"line":18,"column":465},"end":{"line":18,"column":507}},"17":{"start":{"line":18,"column":529},"end":{"line":18,"column":567}},"18":{"start":{"line":18,"column":604},"end":{"line":18,"column":719}},"19":{"start":{"line":18,"column":722},"end":{"line":18,"column":833}},"20":{"start":{"line":18,"column":728},"end":{"line":18,"column":743}},"21":{"start":{"line":18,"column":760},"end":{"line":18,"column":831}},"22":{"start":{"line":18,"column":804},"end":{"line":18,"column":828}},"23":{"start":{"line":18,"column":908},"end":{"line":18,"column":979}},"24":{"start":{"line":18,"column":993},"end":{"line":18,"column":1032}},"25":{"start":{"line":18,"column":1044},"end":{"line":18,"column":1074}},"26":{"start":{"line":18,"column":1076},"end":{"line":18,"column":2327}},"27":{"start":{"line":18,"column":1151},"end":{"line":18,"column":1167}},"28":{"start":{"line":18,"column":1169},"end":{"line":18,"column":2289}},"29":{"start":{"line":18,"column":1201},"end":{"line":18,"column":1276}},"30":{"start":{"line":18,"column":1228},"end":{"line":18,"column":1276}},"31":{"start":{"line":18,"column":1277},"end":{"line":18,"column":1363}},"32":{"start":{"line":18,"column":1306},"end":{"line":18,"column":1340}},"33":{"start":{"line":18,"column":1330},"end":{"line":18,"column":1340}},"34":{"start":{"line":18,"column":1341},"end":{"line":18,"column":1361}},"35":{"start":{"line":18,"column":1364},"end":{"line":18,"column":2286}},"36":{"start":{"line":18,"column":1432},"end":{"line":18,"column":1448}},"37":{"start":{"line":18,"column":1450},"end":{"line":18,"column":1626}},"38":{"start":{"line":18,"column":1487},"end":{"line":18,"column":1525}},"39":{"start":{"line":18,"column":1527},"end":{"line":18,"column":1624}},"40":{"start":{"line":18,"column":1549},"end":{"line":18,"column":1599}},"41":{"start":{"line":18,"column":1590},"end":{"line":18,"column":1599}},"42":{"start":{"line":18,"column":1600},"end":{"line":18,"column":1622}},"43":{"start":{"line":18,"column":1627},"end":{"line":18,"column":1928}},"44":{"start":{"line":18,"column":1658},"end":{"line":18,"column":1701}},"45":{"start":{"line":18,"column":1706},"end":{"line":18,"column":1928}},"46":{"start":{"line":18,"column":1740},"end":{"line":18,"column":1811}},"47":{"start":{"line":18,"column":1772},"end":{"line":18,"column":1811}},"48":{"start":{"line":18,"column":1812},"end":{"line":18,"column":1851}},"49":{"start":{"line":18,"column":1859},"end":{"line":18,"column":1928}},"50":{"start":{"line":18,"column":1929},"end":{"line":18,"column":1949}},"51":{"start":{"line":18,"column":1963},"end":{"line":18,"column":1995}},"52":{"start":{"line":18,"column":1997},"end":{"line":18,"column":2182}},"53":{"start":{"line":18,"column":2029},"end":{"line":18,"column":2130}},"54":{"start":{"line":18,"column":2121},"end":{"line":18,"column":2130}},"55":{"start":{"line":18,"column":2131},"end":{"line":18,"column":2180}},"56":{"start":{"line":18,"column":2183},"end":{"line":18,"column":2284}},"57":{"start":{"line":18,"column":2364},"end":{"line":18,"column":2474}},"58":{"start":{"line":18,"column":2370},"end":{"line":18,"column":2420}},"59":{"start":{"line":18,"column":2437},"end":{"line":18,"column":2472}},"60":{"start":{"line":18,"column":2477},"end":{"line":18,"column":2497}},"61":{"start":{"line":18,"column":2521},"end":{"line":18,"column":2523}},"62":{"start":{"line":18,"column":2646},"end":{"line":18,"column":2648}},"63":{"start":{"line":18,"column":2650},"end":{"line":18,"column":2722}},"64":{"start":{"line":18,"column":2706},"end":{"line":18,"column":2718}},"65":{"start":{"line":18,"column":2738},"end":{"line":18,"column":2759}},"66":{"start":{"line":18,"column":2787},"end":{"line":18,"column":2829}},"67":{"start":{"line":18,"column":2831},"end":{"line":18,"column":2994}},"68":{"start":{"line":18,"column":3004},"end":{"line":18,"column":3097}},"69":{"start":{"line":18,"column":3143},"end":{"line":18,"column":3283}},"70":{"start":{"line":18,"column":3199},"end":{"line":18,"column":3279}},"71":{"start":{"line":18,"column":3242},"end":{"line":18,"column":3275}},"72":{"start":{"line":18,"column":3396},"end":{"line":18,"column":3439}},"73":{"start":{"line":18,"column":3441},"end":{"line":18,"column":3933}},"74":{"start":{"line":18,"column":3485},"end":{"line":18,"column":3495}},"75":{"start":{"line":18,"column":3505},"end":{"line":18,"column":3517}},"76":{"start":{"line":18,"column":3519},"end":{"line":18,"column":3931}},"77":{"start":{"line":18,"column":3656},"end":{"line":18,"column":3695}},"78":{"start":{"line":18,"column":3716},"end":{"line":18,"column":3754}},"79":{"start":{"line":18,"column":3815},"end":{"line":18,"column":3857}},"80":{"start":{"line":18,"column":3880},"end":{"line":18,"column":3927}},"81":{"start":{"line":18,"column":3934},"end":{"line":18,"column":3953}},"82":{"start":{"line":18,"column":3977},"end":{"line":18,"column":4307}},"83":{"start":{"line":18,"column":4057},"end":{"line":18,"column":4150}},"84":{"start":{"line":18,"column":4109},"end":{"line":18,"column":4146}},"85":{"start":{"line":18,"column":4153},"end":{"line":18,"column":4304}},"86":{"start":{"line":18,"column":4373},"end":{"line":18,"column":4406}},"87":{"start":{"line":18,"column":4408},"end":{"line":18,"column":4810}},"88":{"start":{"line":18,"column":4436},"end":{"line":18,"column":4783}},"89":{"start":{"line":18,"column":4495},"end":{"line":18,"column":4676}},"90":{"start":{"line":18,"column":4652},"end":{"line":18,"column":4676}},"91":{"start":{"line":18,"column":4677},"end":{"line":18,"column":4781}},"92":{"start":{"line":18,"column":4784},"end":{"line":18,"column":4808}},"93":{"start":{"line":18,"column":4824},"end":{"line":18,"column":4872}},"94":{"start":{"line":18,"column":4874},"end":{"line":18,"column":5004}},"95":{"start":{"line":18,"column":4903},"end":{"line":18,"column":5004}},"96":{"start":{"line":18,"column":5016},"end":{"line":18,"column":5026}},"97":{"start":{"line":18,"column":5028},"end":{"line":18,"column":5401}},"98":{"start":{"line":18,"column":5446},"end":{"line":18,"column":5465}},"99":{"start":{"line":18,"column":5467},"end":{"line":18,"column":5605}},"100":{"start":{"line":18,"column":5653},"end":{"line":18,"column":5675}},"101":{"start":{"line":18,"column":5677},"end":{"line":18,"column":5746}},"102":{"start":{"line":18,"column":5781},"end":{"line":18,"column":5877}},"103":{"start":{"line":18,"column":5908},"end":{"line":18,"column":6358}},"104":{"start":{"line":18,"column":5945},"end":{"line":18,"column":5969}},"105":{"start":{"line":18,"column":5971},"end":{"line":18,"column":6028}},"106":{"start":{"line":18,"column":5991},"end":{"line":18,"column":6028}},"107":{"start":{"line":18,"column":6029},"end":{"line":18,"column":6085}},"108":{"start":{"line":18,"column":6069},"end":{"line":18,"column":6085}},"109":{"start":{"line":18,"column":6086},"end":{"line":18,"column":6356}},"110":{"start":{"line":18,"column":6125},"end":{"line":18,"column":6127}},"111":{"start":{"line":18,"column":6136},"end":{"line":18,"column":6328}},"112":{"start":{"line":18,"column":6154},"end":{"line":18,"column":6273}},"113":{"start":{"line":18,"column":6187},"end":{"line":18,"column":6271}},"114":{"start":{"line":18,"column":6217},"end":{"line":18,"column":6271}},"115":{"start":{"line":18,"column":6274},"end":{"line":18,"column":6326}},"116":{"start":{"line":18,"column":6330},"end":{"line":18,"column":6354}},"117":{"start":{"line":18,"column":6359},"end":{"line":18,"column":6387}},"118":{"start":{"line":18,"column":6414},"end":{"line":18,"column":6452}},"119":{"start":{"line":18,"column":6455},"end":{"line":18,"column":11795}},"120":{"start":{"line":18,"column":6814},"end":{"line":18,"column":6863}},"121":{"start":{"line":18,"column":6865},"end":{"line":18,"column":6970}},"122":{"start":{"line":18,"column":7009},"end":{"line":18,"column":7250}},"123":{"start":{"line":18,"column":7287},"end":{"line":18,"column":7311}},"124":{"start":{"line":18,"column":7430},"end":{"line":18,"column":7442}},"125":{"start":{"line":18,"column":7564},"end":{"line":18,"column":7614}},"126":{"start":{"line":18,"column":7626},"end":{"line":18,"column":7699}},"127":{"start":{"line":18,"column":7701},"end":{"line":18,"column":7843}},"128":{"start":{"line":18,"column":7791},"end":{"line":18,"column":7839}},"129":{"start":{"line":18,"column":7959},"end":{"line":18,"column":7971}},"130":{"start":{"line":18,"column":8013},"end":{"line":18,"column":8041}},"131":{"start":{"line":18,"column":8092},"end":{"line":18,"column":8094}},"132":{"start":{"line":18,"column":8096},"end":{"line":18,"column":8139}},"133":{"start":{"line":18,"column":8122},"end":{"line":18,"column":8137}},"134":{"start":{"line":18,"column":8140},"end":{"line":18,"column":8325}},"135":{"start":{"line":18,"column":8181},"end":{"line":18,"column":8293}},"136":{"start":{"line":18,"column":8214},"end":{"line":18,"column":8224}},"137":{"start":{"line":18,"column":8226},"end":{"line":18,"column":8291}},"138":{"start":{"line":18,"column":8245},"end":{"line":18,"column":8291}},"139":{"start":{"line":18,"column":8294},"end":{"line":18,"column":8322}},"140":{"start":{"line":18,"column":8437},"end":{"line":18,"column":8776}},"141":{"start":{"line":18,"column":8645},"end":{"line":18,"column":8776}},"142":{"start":{"line":18,"column":8670},"end":{"line":18,"column":8774}},"143":{"start":{"line":18,"column":8804},"end":{"line":18,"column":8819}},"144":{"start":{"line":18,"column":8837},"end":{"line":18,"column":8866}},"145":{"start":{"line":18,"column":8868},"end":{"line":18,"column":8922}},"146":{"start":{"line":18,"column":8901},"end":{"line":18,"column":8922}},"147":{"start":{"line":18,"column":8923},"end":{"line":18,"column":8940}},"148":{"start":{"line":18,"column":9003},"end":{"line":18,"column":9034}},"149":{"start":{"line":18,"column":9018},"end":{"line":18,"column":9034}},"150":{"start":{"line":18,"column":9049},"end":{"line":18,"column":9053}},"151":{"start":{"line":18,"column":9086},"end":{"line":18,"column":9231}},"152":{"start":{"line":18,"column":9234},"end":{"line":18,"column":9938}},"153":{"start":{"line":18,"column":9247},"end":{"line":18,"column":9273}},"154":{"start":{"line":18,"column":9302},"end":{"line":18,"column":9320}},"155":{"start":{"line":18,"column":9331},"end":{"line":18,"column":9347}},"156":{"start":{"line":18,"column":9349},"end":{"line":18,"column":9399}},"157":{"start":{"line":18,"column":9378},"end":{"line":18,"column":9399}},"158":{"start":{"line":18,"column":9400},"end":{"line":18,"column":9936}},"159":{"start":{"line":18,"column":9448},"end":{"line":18,"column":9478}},"160":{"start":{"line":18,"column":9493},"end":{"line":18,"column":9525}},"161":{"start":{"line":18,"column":9527},"end":{"line":18,"column":9934}},"162":{"start":{"line":18,"column":9557},"end":{"line":18,"column":9623}},"163":{"start":{"line":18,"column":9589},"end":{"line":18,"column":9623}},"164":{"start":{"line":18,"column":9624},"end":{"line":18,"column":9690}},"165":{"start":{"line":18,"column":9658},"end":{"line":18,"column":9690}},"166":{"start":{"line":18,"column":9698},"end":{"line":18,"column":9934}},"167":{"start":{"line":18,"column":9714},"end":{"line":18,"column":9780}},"168":{"start":{"line":18,"column":9746},"end":{"line":18,"column":9780}},"169":{"start":{"line":18,"column":9790},"end":{"line":18,"column":9865}},"170":{"start":{"line":18,"column":9807},"end":{"line":18,"column":9865}},"171":{"start":{"line":18,"column":9866},"end":{"line":18,"column":9932}},"172":{"start":{"line":18,"column":9900},"end":{"line":18,"column":9932}},"173":{"start":{"line":18,"column":9979},"end":{"line":18,"column":10204}},"174":{"start":{"line":18,"column":9992},"end":{"line":18,"column":10018}},"175":{"start":{"line":18,"column":10047},"end":{"line":18,"column":10065}},"176":{"start":{"line":18,"column":10067},"end":{"line":18,"column":10202}},"177":{"start":{"line":18,"column":10187},"end":{"line":18,"column":10192}},"178":{"start":{"line":18,"column":10194},"end":{"line":18,"column":10200}},"179":{"start":{"line":18,"column":10205},"end":{"line":18,"column":10352}},"180":{"start":{"line":18,"column":10366},"end":{"line":18,"column":10409}},"181":{"start":{"line":18,"column":10411},"end":{"line":18,"column":10573}},"182":{"start":{"line":18,"column":10625},"end":{"line":18,"column":10671}},"183":{"start":{"line":18,"column":10654},"end":{"line":18,"column":10671}},"184":{"start":{"line":18,"column":10672},"end":{"line":18,"column":10949}},"185":{"start":{"line":18,"column":10991},"end":{"line":18,"column":11213}},"186":{"start":{"line":18,"column":11004},"end":{"line":18,"column":11030}},"187":{"start":{"line":18,"column":11059},"end":{"line":18,"column":11077}},"188":{"start":{"line":18,"column":11079},"end":{"line":18,"column":11211}},"189":{"start":{"line":18,"column":11116},"end":{"line":18,"column":11211}},"190":{"start":{"line":18,"column":11252},"end":{"line":18,"column":11500}},"191":{"start":{"line":18,"column":11265},"end":{"line":18,"column":11291}},"192":{"start":{"line":18,"column":11320},"end":{"line":18,"column":11338}},"193":{"start":{"line":18,"column":11340},"end":{"line":18,"column":11498}},"194":{"start":{"line":18,"column":11384},"end":{"line":18,"column":11400}},"195":{"start":{"line":18,"column":11402},"end":{"line":18,"column":11481}},"196":{"start":{"line":18,"column":11446},"end":{"line":18,"column":11456}},"197":{"start":{"line":18,"column":11458},"end":{"line":18,"column":11479}},"198":{"start":{"line":18,"column":11482},"end":{"line":18,"column":11496}},"199":{"start":{"line":18,"column":11501},"end":{"line":18,"column":11542}},"200":{"start":{"line":18,"column":11617},"end":{"line":18,"column":11781}},"201":{"start":{"line":20,"column":77},"end":{"line":20,"column":175}},"202":{"start":{"line":20,"column":94},"end":{"line":20,"column":107}},"203":{"start":{"line":20,"column":121},"end":{"line":20,"column":131}},"204":{"start":{"line":20,"column":151},"end":{"line":20,"column":165}},"205":{"start":{"line":20,"column":166},"end":{"line":20,"column":173}},"206":{"start":{"line":20,"column":176},"end":{"line":20,"column":263}},"207":{"start":{"line":20,"column":193},"end":{"line":20,"column":208}},"208":{"start":{"line":20,"column":218},"end":{"line":20,"column":261}},"209":{"start":{"line":22,"column":33},"end":{"line":22,"column":387}},"210":{"start":{"line":22,"column":65},"end":{"line":22,"column":69}},"211":{"start":{"line":22,"column":78},"end":{"line":22,"column":87}},"212":{"start":{"line":22,"column":89},"end":{"line":22,"column":384}},"213":{"start":{"line":22,"column":147},"end":{"line":22,"column":167}},"214":{"start":{"line":22,"column":193},"end":{"line":22,"column":264}},"215":{"start":{"line":22,"column":290},"end":{"line":22,"column":360}},"216":{"start":{"line":22,"column":363},"end":{"line":22,"column":380}},"217":{"start":{"line":24,"column":50},"end":{"line":24,"column":151}},"218":{"start":{"line":24,"column":92},"end":{"line":24,"column":149}},"219":{"start":{"line":26,"column":44},"end":{"line":26,"column":315}},"220":{"start":{"line":26,"column":57},"end":{"line":26,"column":58}},"221":{"start":{"line":26,"column":102},"end":{"line":26,"column":110}},"222":{"start":{"line":26,"column":112},"end":{"line":26,"column":167}},"223":{"start":{"line":26,"column":168},"end":{"line":26,"column":199}},"224":{"start":{"line":26,"column":200},"end":{"line":26,"column":254}},"225":{"start":{"line":26,"column":227},"end":{"line":26,"column":254}},"226":{"start":{"line":26,"column":255},"end":{"line":26,"column":313}},"227":{"start":{"line":28,"column":62},"end":{"line":28,"column":131}},"228":{"start":{"line":28,"column":78},"end":{"line":28,"column":131}},"229":{"start":{"line":28,"column":132},"end":{"line":28,"column":193}},"230":{"start":{"line":28,"column":149},"end":{"line":28,"column":193}},"231":{"start":{"line":28,"column":194},"end":{"line":28,"column":263}},"232":{"start":{"line":28,"column":264},"end":{"line":28,"column":283}},"233":{"start":{"line":30,"column":35},"end":{"line":611,"column":3}},"234":{"start":{"line":32,"column":21},"end":{"line":32,"column":104}},"235":{"start":{"line":34,"column":4},"end":{"line":34,"column":43}},"236":{"start":{"line":36,"column":4},"end":{"line":36,"column":29}},"237":{"start":{"line":37,"column":4},"end":{"line":37,"column":25}},"238":{"start":{"line":38,"column":4},"end":{"line":38,"column":33}},"239":{"start":{"line":41,"column":2},"end":{"line":608,"column":6}},"240":{"start":{"line":44,"column":6},"end":{"line":44,"column":46}},"241":{"start":{"line":49,"column":20},"end":{"line":68,"column":9}},"242":{"start":{"line":51,"column":8},"end":{"line":67,"column":26}},"243":{"start":{"line":52,"column":10},"end":{"line":66,"column":11}},"244":{"start":{"line":53,"column":12},"end":{"line":65,"column":13}},"245":{"start":{"line":55,"column":16},"end":{"line":55,"column":34}},"246":{"start":{"line":56,"column":16},"end":{"line":56,"column":48}},"247":{"start":{"line":59,"column":16},"end":{"line":59,"column":36}},"248":{"start":{"line":60,"column":16},"end":{"line":60,"column":54}},"249":{"start":{"line":64,"column":16},"end":{"line":64,"column":39}},"250":{"start":{"line":71,"column":8},"end":{"line":71,"column":46}},"251":{"start":{"line":74,"column":6},"end":{"line":74,"column":20}},"252":{"start":{"line":79,"column":18},"end":{"line":106,"column":9}},"253":{"start":{"line":81,"column":8},"end":{"line":105,"column":27}},"254":{"start":{"line":82,"column":10},"end":{"line":104,"column":11}},"255":{"start":{"line":83,"column":12},"end":{"line":103,"column":13}},"256":{"start":{"line":85,"column":16},"end":{"line":85,"column":39}},"257":{"start":{"line":86,"column":16},"end":{"line":86,"column":35}},"258":{"start":{"line":87,"column":16},"end":{"line":87,"column":45}},"259":{"start":{"line":90,"column":16},"end":{"line":90,"column":45}},"260":{"start":{"line":91,"column":16},"end":{"line":91,"column":35}},"261":{"start":{"line":92,"column":16},"end":{"line":95,"column":19}},"262":{"start":{"line":98,"column":16},"end":{"line":98,"column":38}},"263":{"start":{"line":102,"column":16},"end":{"line":102,"column":40}},"264":{"start":{"line":109,"column":8},"end":{"line":109,"column":44}},"265":{"start":{"line":112,"column":6},"end":{"line":112,"column":18}},"266":{"start":{"line":117,"column":24},"end":{"line":183,"column":9}},"267":{"start":{"line":118,"column":20},"end":{"line":118,"column":24}},"268":{"start":{"line":121,"column":8},"end":{"line":182,"column":27}},"269":{"start":{"line":122,"column":10},"end":{"line":181,"column":11}},"270":{"start":{"line":123,"column":12},"end":{"line":180,"column":13}},"271":{"start":{"line":125,"column":16},"end":{"line":125,"column":35}},"272":{"start":{"line":126,"column":16},"end":{"line":126,"column":68}},"273":{"start":{"line":129,"column":16},"end":{"line":129,"column":46}},"274":{"start":{"line":130,"column":16},"end":{"line":130,"column":35}},"275":{"start":{"line":131,"column":16},"end":{"line":171,"column":22}},"276":{"start":{"line":132,"column":29},"end":{"line":166,"column":21}},"277":{"start":{"line":134,"column":20},"end":{"line":165,"column":33}},"278":{"start":{"line":135,"column":22},"end":{"line":164,"column":23}},"279":{"start":{"line":136,"column":24},"end":{"line":163,"column":25}},"280":{"start":{"line":138,"column":28},"end":{"line":138,"column":47}},"281":{"start":{"line":139,"column":28},"end":{"line":139,"column":78}},"282":{"start":{"line":142,"column":28},"end":{"line":142,"column":56}},"283":{"start":{"line":143,"column":28},"end":{"line":143,"column":47}},"284":{"start":{"line":144,"column":28},"end":{"line":144,"column":60}},"285":{"start":{"line":147,"column":28},"end":{"line":147,"column":49}},"286":{"start":{"line":148,"column":28},"end":{"line":148,"column":47}},"287":{"start":{"line":149,"column":28},"end":{"line":149,"column":67}},"288":{"start":{"line":152,"column":28},"end":{"line":152,"column":53}},"289":{"start":{"line":153,"column":28},"end":{"line":158,"column":31}},"290":{"start":{"line":162,"column":28},"end":{"line":162,"column":52}},"291":{"start":{"line":168,"column":18},"end":{"line":170,"column":20}},"292":{"start":{"line":169,"column":20},"end":{"line":169,"column":55}},"293":{"start":{"line":174,"column":16},"end":{"line":174,"column":38}},"294":{"start":{"line":175,"column":16},"end":{"line":175,"column":56}},"295":{"start":{"line":179,"column":16},"end":{"line":179,"column":40}},"296":{"start":{"line":186,"column":8},"end":{"line":186,"column":50}},"297":{"start":{"line":189,"column":6},"end":{"line":189,"column":24}},"298":{"start":{"line":194,"column":6},"end":{"line":194,"column":58}},"299":{"start":{"line":199,"column":28},"end":{"line":218,"column":9}},"300":{"start":{"line":201,"column":8},"end":{"line":217,"column":27}},"301":{"start":{"line":202,"column":10},"end":{"line":216,"column":11}},"302":{"start":{"line":203,"column":12},"end":{"line":215,"column":13}},"303":{"start":{"line":205,"column":16},"end":{"line":205,"column":35}},"304":{"start":{"line":206,"column":16},"end":{"line":206,"column":51}},"305":{"start":{"line":209,"column":16},"end":{"line":209,"column":42}},"306":{"start":{"line":210,"column":16},"end":{"line":210,"column":63}},"307":{"start":{"line":214,"column":16},"end":{"line":214,"column":40}},"308":{"start":{"line":221,"column":8},"end":{"line":221,"column":54}},"309":{"start":{"line":224,"column":6},"end":{"line":224,"column":28}},"310":{"start":{"line":229,"column":34},"end":{"line":248,"column":9}},"311":{"start":{"line":231,"column":8},"end":{"line":247,"column":27}},"312":{"start":{"line":232,"column":10},"end":{"line":246,"column":11}},"313":{"start":{"line":233,"column":12},"end":{"line":245,"column":13}},"314":{"start":{"line":235,"column":16},"end":{"line":235,"column":35}},"315":{"start":{"line":236,"column":16},"end":{"line":236,"column":84}},"316":{"start":{"line":239,"column":16},"end":{"line":239,"column":46}},"317":{"start":{"line":240,"column":16},"end":{"line":240,"column":64}},"318":{"start":{"line":244,"column":16},"end":{"line":244,"column":40}},"319":{"start":{"line":251,"column":8},"end":{"line":251,"column":60}},"320":{"start":{"line":254,"column":6},"end":{"line":254,"column":34}},"321":{"start":{"line":259,"column":26},"end":{"line":325,"column":9}},"322":{"start":{"line":260,"column":21},"end":{"line":260,"column":25}},"323":{"start":{"line":263,"column":8},"end":{"line":324,"column":27}},"324":{"start":{"line":264,"column":10},"end":{"line":323,"column":11}},"325":{"start":{"line":265,"column":12},"end":{"line":322,"column":13}},"326":{"start":{"line":267,"column":16},"end":{"line":267,"column":35}},"327":{"start":{"line":268,"column":16},"end":{"line":268,"column":62}},"328":{"start":{"line":271,"column":16},"end":{"line":271,"column":46}},"329":{"start":{"line":272,"column":16},"end":{"line":272,"column":35}},"330":{"start":{"line":273,"column":16},"end":{"line":313,"column":22}},"331":{"start":{"line":274,"column":30},"end":{"line":308,"column":21}},"332":{"start":{"line":276,"column":20},"end":{"line":307,"column":33}},"333":{"start":{"line":277,"column":22},"end":{"line":306,"column":23}},"334":{"start":{"line":278,"column":24},"end":{"line":305,"column":25}},"335":{"start":{"line":280,"column":28},"end":{"line":280,"column":47}},"336":{"start":{"line":281,"column":28},"end":{"line":281,"column":96}},"337":{"start":{"line":284,"column":28},"end":{"line":284,"column":56}},"338":{"start":{"line":285,"column":28},"end":{"line":285,"column":47}},"339":{"start":{"line":286,"column":28},"end":{"line":286,"column":61}},"340":{"start":{"line":289,"column":28},"end":{"line":289,"column":49}},"341":{"start":{"line":290,"column":28},"end":{"line":290,"column":47}},"342":{"start":{"line":291,"column":28},"end":{"line":291,"column":67}},"343":{"start":{"line":294,"column":28},"end":{"line":294,"column":53}},"344":{"start":{"line":295,"column":28},"end":{"line":300,"column":31}},"345":{"start":{"line":304,"column":28},"end":{"line":304,"column":52}},"346":{"start":{"line":310,"column":18},"end":{"line":312,"column":20}},"347":{"start":{"line":311,"column":20},"end":{"line":311,"column":56}},"348":{"start":{"line":316,"column":16},"end":{"line":316,"column":38}},"349":{"start":{"line":317,"column":16},"end":{"line":317,"column":56}},"350":{"start":{"line":321,"column":16},"end":{"line":321,"column":40}},"351":{"start":{"line":328,"column":8},"end":{"line":328,"column":52}},"352":{"start":{"line":331,"column":6},"end":{"line":331,"column":26}},"353":{"start":{"line":336,"column":27},"end":{"line":421,"column":9}},"354":{"start":{"line":337,"column":21},"end":{"line":337,"column":25}},"355":{"start":{"line":340,"column":8},"end":{"line":420,"column":28}},"356":{"start":{"line":341,"column":10},"end":{"line":419,"column":11}},"357":{"start":{"line":342,"column":12},"end":{"line":418,"column":13}},"358":{"start":{"line":344,"column":16},"end":{"line":344,"column":36}},"359":{"start":{"line":345,"column":16},"end":{"line":345,"column":74}},"360":{"start":{"line":348,"column":16},"end":{"line":348,"column":53}},"361":{"start":{"line":349,"column":16},"end":{"line":349,"column":36}},"362":{"start":{"line":350,"column":16},"end":{"line":406,"column":22}},"363":{"start":{"line":351,"column":30},"end":{"line":401,"column":21}},"364":{"start":{"line":353,"column":20},"end":{"line":400,"column":33}},"365":{"start":{"line":354,"column":22},"end":{"line":399,"column":23}},"366":{"start":{"line":355,"column":24},"end":{"line":398,"column":25}},"367":{"start":{"line":357,"column":28},"end":{"line":357,"column":47}},"368":{"start":{"line":358,"column":28},"end":{"line":358,"column":80}},"369":{"start":{"line":361,"column":28},"end":{"line":361,"column":56}},"370":{"start":{"line":363,"column":28},"end":{"line":366,"column":29}},"371":{"start":{"line":364,"column":30},"end":{"line":364,"column":49}},"372":{"start":{"line":365,"column":30},"end":{"line":365,"column":36}},"373":{"start":{"line":368,"column":28},"end":{"line":370,"column":31}},"374":{"start":{"line":373,"column":28},"end":{"line":373,"column":47}},"375":{"start":{"line":374,"column":28},"end":{"line":374,"column":87}},"376":{"start":{"line":377,"column":28},"end":{"line":377,"column":56}},"377":{"start":{"line":378,"column":28},"end":{"line":378,"column":48}},"378":{"start":{"line":379,"column":28},"end":{"line":379,"column":61}},"379":{"start":{"line":382,"column":28},"end":{"line":382,"column":49}},"380":{"start":{"line":383,"column":28},"end":{"line":383,"column":48}},"381":{"start":{"line":384,"column":28},"end":{"line":384,"column":67}},"382":{"start":{"line":387,"column":28},"end":{"line":387,"column":53}},"383":{"start":{"line":388,"column":28},"end":{"line":393,"column":31}},"384":{"start":{"line":397,"column":28},"end":{"line":397,"column":52}},"385":{"start":{"line":403,"column":18},"end":{"line":405,"column":20}},"386":{"start":{"line":404,"column":20},"end":{"line":404,"column":56}},"387":{"start":{"line":409,"column":16},"end":{"line":409,"column":39}},"388":{"start":{"line":410,"column":16},"end":{"line":412,"column":19}},"389":{"start":{"line":411,"column":18},"end":{"line":411,"column":42}},"390":{"start":{"line":413,"column":16},"end":{"line":413,"column":65}},"391":{"start":{"line":417,"column":16},"end":{"line":417,"column":41}},"392":{"start":{"line":424,"column":8},"end":{"line":424,"column":53}},"393":{"start":{"line":427,"column":6},"end":{"line":427,"column":27}},"394":{"start":{"line":432,"column":27},"end":{"line":478,"column":9}},"395":{"start":{"line":434,"column":8},"end":{"line":477,"column":28}},"396":{"start":{"line":435,"column":10},"end":{"line":476,"column":11}},"397":{"start":{"line":436,"column":12},"end":{"line":475,"column":13}},"398":{"start":{"line":438,"column":16},"end":{"line":438,"column":36}},"399":{"start":{"line":439,"column":16},"end":{"line":439,"column":74}},"400":{"start":{"line":442,"column":16},"end":{"line":442,"column":48}},"401":{"start":{"line":443,"column":16},"end":{"line":443,"column":22}},"402":{"start":{"line":446,"column":16},"end":{"line":449,"column":17}},"403":{"start":{"line":447,"column":18},"end":{"line":447,"column":39}},"404":{"start":{"line":448,"column":18},"end":{"line":448,"column":24}},"405":{"start":{"line":451,"column":16},"end":{"line":451,"column":36}},"406":{"start":{"line":452,"column":16},"end":{"line":452,"column":62}},"407":{"start":{"line":455,"column":16},"end":{"line":455,"column":42}},"408":{"start":{"line":457,"column":16},"end":{"line":460,"column":17}},"409":{"start":{"line":458,"column":18},"end":{"line":458,"column":39}},"410":{"start":{"line":459,"column":18},"end":{"line":459,"column":24}},"411":{"start":{"line":462,"column":16},"end":{"line":465,"column":19}},"412":{"start":{"line":468,"column":16},"end":{"line":468,"column":20}},"413":{"start":{"line":469,"column":16},"end":{"line":469,"column":36}},"414":{"start":{"line":470,"column":16},"end":{"line":470,"column":22}},"415":{"start":{"line":474,"column":16},"end":{"line":474,"column":41}},"416":{"start":{"line":481,"column":8},"end":{"line":481,"column":53}},"417":{"start":{"line":484,"column":6},"end":{"line":484,"column":27}},"418":{"start":{"line":489,"column":28},"end":{"line":522,"column":9}},"419":{"start":{"line":491,"column":8},"end":{"line":521,"column":28}},"420":{"start":{"line":492,"column":10},"end":{"line":520,"column":11}},"421":{"start":{"line":493,"column":12},"end":{"line":519,"column":13}},"422":{"start":{"line":495,"column":16},"end":{"line":495,"column":36}},"423":{"start":{"line":496,"column":16},"end":{"line":496,"column":45}},"424":{"start":{"line":499,"column":16},"end":{"line":499,"column":46}},"425":{"start":{"line":500,"column":16},"end":{"line":500,"column":36}},"426":{"start":{"line":501,"column":16},"end":{"line":501,"column":47}},"427":{"start":{"line":504,"column":16},"end":{"line":504,"column":38}},"428":{"start":{"line":505,"column":16},"end":{"line":505,"column":36}},"429":{"start":{"line":506,"column":16},"end":{"line":506,"column":55}},"430":{"start":{"line":509,"column":16},"end":{"line":509,"column":42}},"431":{"start":{"line":510,"column":16},"end":{"line":510,"column":37}},"432":{"start":{"line":511,"column":16},"end":{"line":514,"column":19}},"433":{"start":{"line":518,"column":16},"end":{"line":518,"column":41}},"434":{"start":{"line":525,"column":8},"end":{"line":525,"column":54}},"435":{"start":{"line":528,"column":6},"end":{"line":528,"column":28}},"436":{"start":{"line":533,"column":20},"end":{"line":600,"column":9}},"437":{"start":{"line":535,"column":8},"end":{"line":599,"column":28}},"438":{"start":{"line":536,"column":10},"end":{"line":598,"column":11}},"439":{"start":{"line":537,"column":12},"end":{"line":597,"column":13}},"440":{"start":{"line":539,"column":16},"end":{"line":539,"column":36}},"441":{"start":{"line":540,"column":16},"end":{"line":540,"column":47}},"442":{"start":{"line":543,"column":16},"end":{"line":543,"column":38}},"443":{"start":{"line":544,"column":16},"end":{"line":544,"column":36}},"444":{"start":{"line":545,"column":16},"end":{"line":545,"column":55}},"445":{"start":{"line":548,"column":16},"end":{"line":548,"column":42}},"446":{"start":{"line":549,"column":16},"end":{"line":549,"column":38}},"447":{"start":{"line":550,"column":16},"end":{"line":550,"column":36}},"448":{"start":{"line":551,"column":16},"end":{"line":551,"column":52}},"449":{"start":{"line":554,"column":16},"end":{"line":554,"column":42}},"450":{"start":{"line":555,"column":16},"end":{"line":555,"column":37}},"451":{"start":{"line":556,"column":16},"end":{"line":556,"column":45}},"452":{"start":{"line":559,"column":16},"end":{"line":559,"column":46}},"453":{"start":{"line":560,"column":16},"end":{"line":560,"column":37}},"454":{"start":{"line":561,"column":16},"end":{"line":561,"column":84}},"455":{"start":{"line":564,"column":16},"end":{"line":564,"column":38}},"456":{"start":{"line":565,"column":16},"end":{"line":565,"column":37}},"457":{"start":{"line":566,"column":16},"end":{"line":570,"column":19}},"458":{"start":{"line":573,"column":16},"end":{"line":573,"column":37}},"459":{"start":{"line":574,"column":16},"end":{"line":574,"column":55}},"460":{"start":{"line":577,"column":16},"end":{"line":577,"column":42}},"461":{"start":{"line":578,"column":16},"end":{"line":578,"column":37}},"462":{"start":{"line":579,"column":16},"end":{"line":579,"column":78}},"463":{"start":{"line":582,"column":16},"end":{"line":582,"column":43}},"464":{"start":{"line":583,"column":16},"end":{"line":583,"column":37}},"465":{"start":{"line":584,"column":16},"end":{"line":584,"column":84}},"466":{"start":{"line":587,"column":16},"end":{"line":587,"column":38}},"467":{"start":{"line":588,"column":16},"end":{"line":588,"column":37}},"468":{"start":{"line":589,"column":16},"end":{"line":589,"column":52}},"469":{"start":{"line":592,"column":16},"end":{"line":592,"column":42}},"470":{"start":{"line":596,"column":16},"end":{"line":596,"column":41}},"471":{"start":{"line":603,"column":8},"end":{"line":603,"column":46}},"472":{"start":{"line":606,"column":6},"end":{"line":606,"column":20}},"473":{"start":{"line":610,"column":2},"end":{"line":610,"column":25}},"474":{"start":{"line":613,"column":15},"end":{"line":613,"column":30}},"475":{"start":{"line":614,"column":0},"end":{"line":614,"column":30}}},"fnMap":{"0":{"name":"_typeof","decl":{"start":{"line":3,"column":9},"end":{"line":3,"column":16}},"loc":{"start":{"line":3,"column":22},"end":{"line":3,"column":336}},"line":3},"1":{"name":"(anonymous_1)","decl":{"start":{"line":3,"column":136},"end":{"line":3,"column":137}},"loc":{"start":{"line":3,"column":151},"end":{"line":3,"column":173}},"line":3},"2":{"name":"(anonymous_2)","decl":{"start":{"line":3,"column":176},"end":{"line":3,"column":177}},"loc":{"start":{"line":3,"column":191},"end":{"line":3,"column":319}},"line":3},"3":{"name":"_interopRequireDefault","decl":{"start":{"line":16,"column":9},"end":{"line":16,"column":31}},"loc":{"start":{"line":16,"column":37},"end":{"line":16,"column":97}},"line":16},"4":{"name":"_regeneratorRuntime","decl":{"start":{"line":18,"column":9},"end":{"line":18,"column":28}},"loc":{"start":{"line":18,"column":31},"end":{"line":18,"column":11797}},"line":18},"5":{"name":"_regeneratorRuntime","decl":{"start":{"line":18,"column":227},"end":{"line":18,"column":246}},"loc":{"start":{"line":18,"column":249},"end":{"line":18,"column":268}},"line":18},"6":{"name":"define","decl":{"start":{"line":18,"column":578},"end":{"line":18,"column":584}},"loc":{"start":{"line":18,"column":602},"end":{"line":18,"column":721}},"line":18},"7":{"name":"define","decl":{"start":{"line":18,"column":778},"end":{"line":18,"column":784}},"loc":{"start":{"line":18,"column":802},"end":{"line":18,"column":830}},"line":18},"8":{"name":"wrap","decl":{"start":{"line":18,"column":843},"end":{"line":18,"column":847}},"loc":{"start":{"line":18,"column":885},"end":{"line":18,"column":2329}},"line":18},"9":{"name":"(anonymous_9)","decl":{"start":{"line":18,"column":1103},"end":{"line":18,"column":1104}},"loc":{"start":{"line":18,"column":1137},"end":{"line":18,"column":2291}},"line":18},"10":{"name":"(anonymous_10)","decl":{"start":{"line":18,"column":1176},"end":{"line":18,"column":1177}},"loc":{"start":{"line":18,"column":1199},"end":{"line":18,"column":2288}},"line":18},"11":{"name":"tryCatch","decl":{"start":{"line":18,"column":2339},"end":{"line":18,"column":2347}},"loc":{"start":{"line":18,"column":2362},"end":{"line":18,"column":2476}},"line":18},"12":{"name":"Generator","decl":{"start":{"line":18,"column":2534},"end":{"line":18,"column":2543}},"loc":{"start":{"line":18,"column":2546},"end":{"line":18,"column":2548}},"line":18},"13":{"name":"GeneratorFunction","decl":{"start":{"line":18,"column":2558},"end":{"line":18,"column":2575}},"loc":{"start":{"line":18,"column":2578},"end":{"line":18,"column":2580}},"line":18},"14":{"name":"GeneratorFunctionPrototype","decl":{"start":{"line":18,"column":2590},"end":{"line":18,"column":2616}},"loc":{"start":{"line":18,"column":2619},"end":{"line":18,"column":2621}},"line":18},"15":{"name":"(anonymous_15)","decl":{"start":{"line":18,"column":2692},"end":{"line":18,"column":2693}},"loc":{"start":{"line":18,"column":2704},"end":{"line":18,"column":2720}},"line":18},"16":{"name":"defineIteratorMethods","decl":{"start":{"line":18,"column":3108},"end":{"line":18,"column":3129}},"loc":{"start":{"line":18,"column":3141},"end":{"line":18,"column":3285}},"line":18},"17":{"name":"(anonymous_17)","decl":{"start":{"line":18,"column":3179},"end":{"line":18,"column":3180}},"loc":{"start":{"line":18,"column":3197},"end":{"line":18,"column":3281}},"line":18},"18":{"name":"(anonymous_18)","decl":{"start":{"line":18,"column":3225},"end":{"line":18,"column":3226}},"loc":{"start":{"line":18,"column":3240},"end":{"line":18,"column":3277}},"line":18},"19":{"name":"AsyncIterator","decl":{"start":{"line":18,"column":3295},"end":{"line":18,"column":3308}},"loc":{"start":{"line":18,"column":3333},"end":{"line":18,"column":4309}},"line":18},"20":{"name":"invoke","decl":{"start":{"line":18,"column":3344},"end":{"line":18,"column":3350}},"loc":{"start":{"line":18,"column":3381},"end":{"line":18,"column":3955}},"line":18},"21":{"name":"(anonymous_21)","decl":{"start":{"line":18,"column":3637},"end":{"line":18,"column":3638}},"loc":{"start":{"line":18,"column":3654},"end":{"line":18,"column":3697}},"line":18},"22":{"name":"(anonymous_22)","decl":{"start":{"line":18,"column":3699},"end":{"line":18,"column":3700}},"loc":{"start":{"line":18,"column":3714},"end":{"line":18,"column":3756}},"line":18},"23":{"name":"(anonymous_23)","decl":{"start":{"line":18,"column":3792},"end":{"line":18,"column":3793}},"loc":{"start":{"line":18,"column":3813},"end":{"line":18,"column":3859}},"line":18},"24":{"name":"(anonymous_24)","decl":{"start":{"line":18,"column":3861},"end":{"line":18,"column":3862}},"loc":{"start":{"line":18,"column":3878},"end":{"line":18,"column":3929}},"line":18},"25":{"name":"(anonymous_25)","decl":{"start":{"line":18,"column":3992},"end":{"line":18,"column":3993}},"loc":{"start":{"line":18,"column":4015},"end":{"line":18,"column":4306}},"line":18},"26":{"name":"callInvokeWithMethodAndArg","decl":{"start":{"line":18,"column":4026},"end":{"line":18,"column":4052}},"loc":{"start":{"line":18,"column":4055},"end":{"line":18,"column":4152}},"line":18},"27":{"name":"(anonymous_27)","decl":{"start":{"line":18,"column":4080},"end":{"line":18,"column":4081}},"loc":{"start":{"line":18,"column":4107},"end":{"line":18,"column":4148}},"line":18},"28":{"name":"maybeInvokeDelegate","decl":{"start":{"line":18,"column":4319},"end":{"line":18,"column":4338}},"loc":{"start":{"line":18,"column":4358},"end":{"line":18,"column":5403}},"line":18},"29":{"name":"pushTryEntry","decl":{"start":{"line":18,"column":5413},"end":{"line":18,"column":5425}},"loc":{"start":{"line":18,"column":5432},"end":{"line":18,"column":5607}},"line":18},"30":{"name":"resetTryEntry","decl":{"start":{"line":18,"column":5617},"end":{"line":18,"column":5630}},"loc":{"start":{"line":18,"column":5638},"end":{"line":18,"column":5748}},"line":18},"31":{"name":"Context","decl":{"start":{"line":18,"column":5758},"end":{"line":18,"column":5765}},"loc":{"start":{"line":18,"column":5779},"end":{"line":18,"column":5879}},"line":18},"32":{"name":"values","decl":{"start":{"line":18,"column":5889},"end":{"line":18,"column":5895}},"loc":{"start":{"line":18,"column":5906},"end":{"line":18,"column":6389}},"line":18},"33":{"name":"next","decl":{"start":{"line":18,"column":6145},"end":{"line":18,"column":6149}},"loc":{"start":{"line":18,"column":6152},"end":{"line":18,"column":6328}},"line":18},"34":{"name":"doneResult","decl":{"start":{"line":18,"column":6399},"end":{"line":18,"column":6409}},"loc":{"start":{"line":18,"column":6412},"end":{"line":18,"column":6454}},"line":18},"35":{"name":"(anonymous_35)","decl":{"start":{"line":18,"column":6783},"end":{"line":18,"column":6784}},"loc":{"start":{"line":18,"column":6801},"end":{"line":18,"column":6972}},"line":18},"36":{"name":"(anonymous_36)","decl":{"start":{"line":18,"column":6989},"end":{"line":18,"column":6990}},"loc":{"start":{"line":18,"column":7007},"end":{"line":18,"column":7252}},"line":18},"37":{"name":"(anonymous_37)","decl":{"start":{"line":18,"column":7270},"end":{"line":18,"column":7271}},"loc":{"start":{"line":18,"column":7285},"end":{"line":18,"column":7313}},"line":18},"38":{"name":"(anonymous_38)","decl":{"start":{"line":18,"column":7416},"end":{"line":18,"column":7417}},"loc":{"start":{"line":18,"column":7428},"end":{"line":18,"column":7444}},"line":18},"39":{"name":"(anonymous_39)","decl":{"start":{"line":18,"column":7502},"end":{"line":18,"column":7503}},"loc":{"start":{"line":18,"column":7562},"end":{"line":18,"column":7845}},"line":18},"40":{"name":"(anonymous_40)","decl":{"start":{"line":18,"column":7771},"end":{"line":18,"column":7772}},"loc":{"start":{"line":18,"column":7789},"end":{"line":18,"column":7841}},"line":18},"41":{"name":"(anonymous_41)","decl":{"start":{"line":18,"column":7945},"end":{"line":18,"column":7946}},"loc":{"start":{"line":18,"column":7957},"end":{"line":18,"column":7973}},"line":18},"42":{"name":"(anonymous_42)","decl":{"start":{"line":18,"column":7999},"end":{"line":18,"column":8000}},"loc":{"start":{"line":18,"column":8011},"end":{"line":18,"column":8043}},"line":18},"43":{"name":"(anonymous_43)","decl":{"start":{"line":18,"column":8061},"end":{"line":18,"column":8062}},"loc":{"start":{"line":18,"column":8079},"end":{"line":18,"column":8327}},"line":18},"44":{"name":"next","decl":{"start":{"line":18,"column":8172},"end":{"line":18,"column":8176}},"loc":{"start":{"line":18,"column":8179},"end":{"line":18,"column":8324}},"line":18},"45":{"name":"reset","decl":{"start":{"line":18,"column":8414},"end":{"line":18,"column":8419}},"loc":{"start":{"line":18,"column":8435},"end":{"line":18,"column":8778}},"line":18},"46":{"name":"stop","decl":{"start":{"line":18,"column":8795},"end":{"line":18,"column":8799}},"loc":{"start":{"line":18,"column":8802},"end":{"line":18,"column":8942}},"line":18},"47":{"name":"dispatchException","decl":{"start":{"line":18,"column":8972},"end":{"line":18,"column":8989}},"loc":{"start":{"line":18,"column":9001},"end":{"line":18,"column":9940}},"line":18},"48":{"name":"handle","decl":{"start":{"line":18,"column":9064},"end":{"line":18,"column":9070}},"loc":{"start":{"line":18,"column":9084},"end":{"line":18,"column":9233}},"line":18},"49":{"name":"abrupt","decl":{"start":{"line":18,"column":9959},"end":{"line":18,"column":9965}},"loc":{"start":{"line":18,"column":9977},"end":{"line":18,"column":10575}},"line":18},"50":{"name":"complete","decl":{"start":{"line":18,"column":10596},"end":{"line":18,"column":10604}},"loc":{"start":{"line":18,"column":10623},"end":{"line":18,"column":10951}},"line":18},"51":{"name":"finish","decl":{"start":{"line":18,"column":10970},"end":{"line":18,"column":10976}},"loc":{"start":{"line":18,"column":10989},"end":{"line":18,"column":11215}},"line":18},"52":{"name":"_catch","decl":{"start":{"line":18,"column":11235},"end":{"line":18,"column":11241}},"loc":{"start":{"line":18,"column":11250},"end":{"line":18,"column":11544}},"line":18},"53":{"name":"delegateYield","decl":{"start":{"line":18,"column":11570},"end":{"line":18,"column":11583}},"loc":{"start":{"line":18,"column":11615},"end":{"line":18,"column":11783}},"line":18},"54":{"name":"asyncGeneratorStep","decl":{"start":{"line":20,"column":9},"end":{"line":20,"column":27}},"loc":{"start":{"line":20,"column":75},"end":{"line":20,"column":265}},"line":20},"55":{"name":"_asyncToGenerator","decl":{"start":{"line":22,"column":9},"end":{"line":22,"column":26}},"loc":{"start":{"line":22,"column":31},"end":{"line":22,"column":389}},"line":22},"56":{"name":"(anonymous_56)","decl":{"start":{"line":22,"column":40},"end":{"line":22,"column":41}},"loc":{"start":{"line":22,"column":52},"end":{"line":22,"column":386}},"line":22},"57":{"name":"(anonymous_57)","decl":{"start":{"line":22,"column":108},"end":{"line":22,"column":109}},"loc":{"start":{"line":22,"column":135},"end":{"line":22,"column":382}},"line":22},"58":{"name":"_next","decl":{"start":{"line":22,"column":178},"end":{"line":22,"column":183}},"loc":{"start":{"line":22,"column":191},"end":{"line":22,"column":266}},"line":22},"59":{"name":"_throw","decl":{"start":{"line":22,"column":276},"end":{"line":22,"column":282}},"loc":{"start":{"line":22,"column":288},"end":{"line":22,"column":362}},"line":22},"60":{"name":"_classCallCheck","decl":{"start":{"line":24,"column":9},"end":{"line":24,"column":24}},"loc":{"start":{"line":24,"column":48},"end":{"line":24,"column":153}},"line":24},"61":{"name":"_defineProperties","decl":{"start":{"line":26,"column":9},"end":{"line":26,"column":26}},"loc":{"start":{"line":26,"column":42},"end":{"line":26,"column":317}},"line":26},"62":{"name":"_createClass","decl":{"start":{"line":28,"column":9},"end":{"line":28,"column":21}},"loc":{"start":{"line":28,"column":60},"end":{"line":28,"column":285}},"line":28},"63":{"name":"(anonymous_63)","decl":{"start":{"line":30,"column":35},"end":{"line":30,"column":36}},"loc":{"start":{"line":30,"column":47},"end":{"line":611,"column":1}},"line":30},"64":{"name":"EthereumAdapter","decl":{"start":{"line":31,"column":11},"end":{"line":31,"column":26}},"loc":{"start":{"line":31,"column":49},"end":{"line":39,"column":3}},"line":31},"65":{"name":"getMarket","decl":{"start":{"line":43,"column":20},"end":{"line":43,"column":29}},"loc":{"start":{"line":43,"column":39},"end":{"line":45,"column":5}},"line":43},"66":{"name":"(anonymous_66)","decl":{"start":{"line":48,"column":11},"end":{"line":48,"column":12}},"loc":{"start":{"line":48,"column":23},"end":{"line":75,"column":5}},"line":48},"67":{"name":"_callee","decl":{"start":{"line":49,"column":88},"end":{"line":49,"column":95}},"loc":{"start":{"line":49,"column":105},"end":{"line":68,"column":7}},"line":49},"68":{"name":"_callee$","decl":{"start":{"line":51,"column":51},"end":{"line":51,"column":59}},"loc":{"start":{"line":51,"column":70},"end":{"line":67,"column":9}},"line":51},"69":{"name":"getNft","decl":{"start":{"line":70,"column":15},"end":{"line":70,"column":21}},"loc":{"start":{"line":70,"column":26},"end":{"line":72,"column":7}},"line":70},"70":{"name":"(anonymous_70)","decl":{"start":{"line":78,"column":11},"end":{"line":78,"column":12}},"loc":{"start":{"line":78,"column":23},"end":{"line":113,"column":5}},"line":78},"71":{"name":"_callee2","decl":{"start":{"line":79,"column":86},"end":{"line":79,"column":94}},"loc":{"start":{"line":79,"column":106},"end":{"line":106,"column":7}},"line":79},"72":{"name":"_callee2$","decl":{"start":{"line":81,"column":51},"end":{"line":81,"column":60}},"loc":{"start":{"line":81,"column":72},"end":{"line":105,"column":9}},"line":81},"73":{"name":"mint","decl":{"start":{"line":108,"column":15},"end":{"line":108,"column":19}},"loc":{"start":{"line":108,"column":30},"end":{"line":110,"column":7}},"line":108},"74":{"name":"(anonymous_74)","decl":{"start":{"line":116,"column":11},"end":{"line":116,"column":12}},"loc":{"start":{"line":116,"column":23},"end":{"line":190,"column":5}},"line":116},"75":{"name":"_callee4","decl":{"start":{"line":117,"column":92},"end":{"line":117,"column":100}},"loc":{"start":{"line":117,"column":103},"end":{"line":183,"column":7}},"line":117},"76":{"name":"_callee4$","decl":{"start":{"line":121,"column":51},"end":{"line":121,"column":60}},"loc":{"start":{"line":121,"column":72},"end":{"line":182,"column":9}},"line":121},"77":{"name":"(anonymous_77)","decl":{"start":{"line":131,"column":90},"end":{"line":131,"column":91}},"loc":{"start":{"line":131,"column":102},"end":{"line":171,"column":17}},"line":131},"78":{"name":"_callee3","decl":{"start":{"line":132,"column":97},"end":{"line":132,"column":105}},"loc":{"start":{"line":132,"column":122},"end":{"line":166,"column":19}},"line":132},"79":{"name":"_callee3$","decl":{"start":{"line":134,"column":63},"end":{"line":134,"column":72}},"loc":{"start":{"line":134,"column":84},"end":{"line":165,"column":21}},"line":134},"80":{"name":"(anonymous_80)","decl":{"start":{"line":168,"column":25},"end":{"line":168,"column":26}},"loc":{"start":{"line":168,"column":45},"end":{"line":170,"column":19}},"line":168},"81":{"name":"getNftList","decl":{"start":{"line":185,"column":15},"end":{"line":185,"column":25}},"loc":{"start":{"line":185,"column":28},"end":{"line":187,"column":7}},"line":185},"82":{"name":"getNftImage","decl":{"start":{"line":193,"column":20},"end":{"line":193,"column":31}},"loc":{"start":{"line":193,"column":37},"end":{"line":195,"column":5}},"line":193},"83":{"name":"(anonymous_83)","decl":{"start":{"line":198,"column":11},"end":{"line":198,"column":12}},"loc":{"start":{"line":198,"column":23},"end":{"line":225,"column":5}},"line":198},"84":{"name":"_callee5","decl":{"start":{"line":199,"column":96},"end":{"line":199,"column":104}},"loc":{"start":{"line":199,"column":107},"end":{"line":218,"column":7}},"line":199},"85":{"name":"_callee5$","decl":{"start":{"line":201,"column":51},"end":{"line":201,"column":60}},"loc":{"start":{"line":201,"column":72},"end":{"line":217,"column":9}},"line":201},"86":{"name":"getUserAddress","decl":{"start":{"line":220,"column":15},"end":{"line":220,"column":29}},"loc":{"start":{"line":220,"column":32},"end":{"line":222,"column":7}},"line":220},"87":{"name":"(anonymous_87)","decl":{"start":{"line":228,"column":11},"end":{"line":228,"column":12}},"loc":{"start":{"line":228,"column":23},"end":{"line":255,"column":5}},"line":228},"88":{"name":"_callee6","decl":{"start":{"line":229,"column":102},"end":{"line":229,"column":110}},"loc":{"start":{"line":229,"column":124},"end":{"line":248,"column":7}},"line":229},"89":{"name":"_callee6$","decl":{"start":{"line":231,"column":51},"end":{"line":231,"column":60}},"loc":{"start":{"line":231,"column":72},"end":{"line":247,"column":9}},"line":231},"90":{"name":"getNumberOfOwnedNfts","decl":{"start":{"line":250,"column":15},"end":{"line":250,"column":35}},"loc":{"start":{"line":250,"column":41},"end":{"line":252,"column":7}},"line":250},"91":{"name":"(anonymous_91)","decl":{"start":{"line":258,"column":11},"end":{"line":258,"column":12}},"loc":{"start":{"line":258,"column":23},"end":{"line":332,"column":5}},"line":258},"92":{"name":"_callee8","decl":{"start":{"line":259,"column":94},"end":{"line":259,"column":102}},"loc":{"start":{"line":259,"column":116},"end":{"line":325,"column":7}},"line":259},"93":{"name":"_callee8$","decl":{"start":{"line":263,"column":51},"end":{"line":263,"column":60}},"loc":{"start":{"line":263,"column":72},"end":{"line":324,"column":9}},"line":263},"94":{"name":"(anonymous_94)","decl":{"start":{"line":273,"column":90},"end":{"line":273,"column":91}},"loc":{"start":{"line":273,"column":102},"end":{"line":313,"column":17}},"line":273},"95":{"name":"_callee7","decl":{"start":{"line":274,"column":98},"end":{"line":274,"column":106}},"loc":{"start":{"line":274,"column":123},"end":{"line":308,"column":19}},"line":274},"96":{"name":"_callee7$","decl":{"start":{"line":276,"column":63},"end":{"line":276,"column":72}},"loc":{"start":{"line":276,"column":84},"end":{"line":307,"column":21}},"line":276},"97":{"name":"(anonymous_97)","decl":{"start":{"line":310,"column":25},"end":{"line":310,"column":26}},"loc":{"start":{"line":310,"column":45},"end":{"line":312,"column":19}},"line":310},"98":{"name":"getOwnedNfts","decl":{"start":{"line":327,"column":15},"end":{"line":327,"column":27}},"loc":{"start":{"line":327,"column":33},"end":{"line":329,"column":7}},"line":327},"99":{"name":"(anonymous_99)","decl":{"start":{"line":335,"column":11},"end":{"line":335,"column":12}},"loc":{"start":{"line":335,"column":23},"end":{"line":428,"column":5}},"line":335},"100":{"name":"_callee10","decl":{"start":{"line":336,"column":95},"end":{"line":336,"column":104}},"loc":{"start":{"line":336,"column":107},"end":{"line":421,"column":7}},"line":336},"101":{"name":"_callee10$","decl":{"start":{"line":340,"column":51},"end":{"line":340,"column":61}},"loc":{"start":{"line":340,"column":74},"end":{"line":420,"column":9}},"line":340},"102":{"name":"(anonymous_102)","decl":{"start":{"line":350,"column":96},"end":{"line":350,"column":97}},"loc":{"start":{"line":350,"column":108},"end":{"line":406,"column":17}},"line":350},"103":{"name":"_callee9","decl":{"start":{"line":351,"column":98},"end":{"line":351,"column":106}},"loc":{"start":{"line":351,"column":123},"end":{"line":401,"column":19}},"line":351},"104":{"name":"_callee9$","decl":{"start":{"line":353,"column":63},"end":{"line":353,"column":72}},"loc":{"start":{"line":353,"column":84},"end":{"line":400,"column":21}},"line":353},"105":{"name":"(anonymous_105)","decl":{"start":{"line":403,"column":25},"end":{"line":403,"column":26}},"loc":{"start":{"line":403,"column":47},"end":{"line":405,"column":19}},"line":403},"106":{"name":"(anonymous_106)","decl":{"start":{"line":410,"column":43},"end":{"line":410,"column":44}},"loc":{"start":{"line":410,"column":58},"end":{"line":412,"column":17}},"line":410},"107":{"name":"getListedNfts","decl":{"start":{"line":423,"column":15},"end":{"line":423,"column":28}},"loc":{"start":{"line":423,"column":31},"end":{"line":425,"column":7}},"line":423},"108":{"name":"(anonymous_108)","decl":{"start":{"line":431,"column":11},"end":{"line":431,"column":12}},"loc":{"start":{"line":431,"column":23},"end":{"line":485,"column":5}},"line":431},"109":{"name":"_callee11","decl":{"start":{"line":432,"column":95},"end":{"line":432,"column":104}},"loc":{"start":{"line":432,"column":115},"end":{"line":478,"column":7}},"line":432},"110":{"name":"_callee11$","decl":{"start":{"line":434,"column":51},"end":{"line":434,"column":61}},"loc":{"start":{"line":434,"column":74},"end":{"line":477,"column":9}},"line":434},"111":{"name":"getNftListing","decl":{"start":{"line":480,"column":15},"end":{"line":480,"column":28}},"loc":{"start":{"line":480,"column":35},"end":{"line":482,"column":7}},"line":480},"112":{"name":"(anonymous_112)","decl":{"start":{"line":488,"column":11},"end":{"line":488,"column":12}},"loc":{"start":{"line":488,"column":23},"end":{"line":529,"column":5}},"line":488},"113":{"name":"_callee12","decl":{"start":{"line":489,"column":96},"end":{"line":489,"column":105}},"loc":{"start":{"line":489,"column":125},"end":{"line":522,"column":7}},"line":489},"114":{"name":"_callee12$","decl":{"start":{"line":491,"column":51},"end":{"line":491,"column":61}},"loc":{"start":{"line":491,"column":74},"end":{"line":521,"column":9}},"line":491},"115":{"name":"listNftForSale","decl":{"start":{"line":524,"column":15},"end":{"line":524,"column":29}},"loc":{"start":{"line":524,"column":42},"end":{"line":526,"column":7}},"line":524},"116":{"name":"(anonymous_116)","decl":{"start":{"line":532,"column":11},"end":{"line":532,"column":12}},"loc":{"start":{"line":532,"column":23},"end":{"line":607,"column":5}},"line":532},"117":{"name":"_callee13","decl":{"start":{"line":533,"column":88},"end":{"line":533,"column":97}},"loc":{"start":{"line":533,"column":110},"end":{"line":600,"column":7}},"line":533},"118":{"name":"_callee13$","decl":{"start":{"line":535,"column":51},"end":{"line":535,"column":61}},"loc":{"start":{"line":535,"column":74},"end":{"line":599,"column":9}},"line":535},"119":{"name":"buyNft","decl":{"start":{"line":602,"column":15},"end":{"line":602,"column":21}},"loc":{"start":{"line":602,"column":28},"end":{"line":604,"column":7}},"line":602}},"branchMap":{"0":{"loc":{"start":{"line":3,"column":68},"end":{"line":3,"column":319}},"type":"cond-expr","locations":[{"start":{"line":3,"column":136},"end":{"line":3,"column":173}},{"start":{"line":3,"column":176},"end":{"line":3,"column":319}}],"line":3},"1":{"loc":{"start":{"line":3,"column":68},"end":{"line":3,"column":133}},"type":"binary-expr","locations":[{"start":{"line":3,"column":68},"end":{"line":3,"column":95}},{"start":{"line":3,"column":99},"end":{"line":3,"column":133}}],"line":3},"2":{"loc":{"start":{"line":3,"column":200},"end":{"line":3,"column":316}},"type":"cond-expr","locations":[{"start":{"line":3,"column":295},"end":{"line":3,"column":303}},{"start":{"line":3,"column":306},"end":{"line":3,"column":316}}],"line":3},"3":{"loc":{"start":{"line":3,"column":200},"end":{"line":3,"column":292}},"type":"binary-expr","locations":[{"start":{"line":3,"column":200},"end":{"line":3,"column":203}},{"start":{"line":3,"column":207},"end":{"line":3,"column":234}},{"start":{"line":3,"column":238},"end":{"line":3,"column":264}},{"start":{"line":3,"column":268},"end":{"line":3,"column":292}}],"line":3},"4":{"loc":{"start":{"line":16,"column":46},"end":{"line":16,"column":94}},"type":"cond-expr","locations":[{"start":{"line":16,"column":70},"end":{"line":16,"column":73}},{"start":{"line":16,"column":76},"end":{"line":16,"column":94}}],"line":16},"5":{"loc":{"start":{"line":16,"column":46},"end":{"line":16,"column":67}},"type":"binary-expr","locations":[{"start":{"line":16,"column":46},"end":{"line":16,"column":49}},{"start":{"line":16,"column":53},"end":{"line":16,"column":67}}],"line":16},"6":{"loc":{"start":{"line":18,"column":349},"end":{"line":18,"column":390}},"type":"cond-expr","locations":[{"start":{"line":18,"column":379},"end":{"line":18,"column":385}},{"start":{"line":18,"column":388},"end":{"line":18,"column":390}}],"line":18},"7":{"loc":{"start":{"line":18,"column":409},"end":{"line":18,"column":441}},"type":"binary-expr","locations":[{"start":{"line":18,"column":409},"end":{"line":18,"column":425}},{"start":{"line":18,"column":429},"end":{"line":18,"column":441}}],"line":18},"8":{"loc":{"start":{"line":18,"column":465},"end":{"line":18,"column":507}},"type":"binary-expr","locations":[{"start":{"line":18,"column":465},"end":{"line":18,"column":486}},{"start":{"line":18,"column":490},"end":{"line":18,"column":507}}],"line":18},"9":{"loc":{"start":{"line":18,"column":529},"end":{"line":18,"column":567}},"type":"binary-expr","locations":[{"start":{"line":18,"column":529},"end":{"line":18,"column":548}},{"start":{"line":18,"column":552},"end":{"line":18,"column":567}}],"line":18},"10":{"loc":{"start":{"line":18,"column":908},"end":{"line":18,"column":979}},"type":"cond-expr","locations":[{"start":{"line":18,"column":960},"end":{"line":18,"column":967}},{"start":{"line":18,"column":970},"end":{"line":18,"column":979}}],"line":18},"11":{"loc":{"start":{"line":18,"column":908},"end":{"line":18,"column":957}},"type":"binary-expr","locations":[{"start":{"line":18,"column":908},"end":{"line":18,"column":915}},{"start":{"line":18,"column":919},"end":{"line":18,"column":957}}],"line":18},"12":{"loc":{"start":{"line":18,"column":1056},"end":{"line":18,"column":1073}},"type":"binary-expr","locations":[{"start":{"line":18,"column":1056},"end":{"line":18,"column":1067}},{"start":{"line":18,"column":1071},"end":{"line":18,"column":1073}}],"line":18},"13":{"loc":{"start":{"line":18,"column":1201},"end":{"line":18,"column":1276}},"type":"if","locations":[{"start":{"line":18,"column":1201},"end":{"line":18,"column":1276}},{"start":{"line":18,"column":1201},"end":{"line":18,"column":1276}}],"line":18},"14":{"loc":{"start":{"line":18,"column":1277},"end":{"line":18,"column":1363}},"type":"if","locations":[{"start":{"line":18,"column":1277},"end":{"line":18,"column":1363}},{"start":{"line":18,"column":1277},"end":{"line":18,"column":1363}}],"line":18},"15":{"loc":{"start":{"line":18,"column":1306},"end":{"line":18,"column":1340}},"type":"if","locations":[{"start":{"line":18,"column":1306},"end":{"line":18,"column":1340}},{"start":{"line":18,"column":1306},"end":{"line":18,"column":1340}}],"line":18},"16":{"loc":{"start":{"line":18,"column":1450},"end":{"line":18,"column":1626}},"type":"if","locations":[{"start":{"line":18,"column":1450},"end":{"line":18,"column":1626}},{"start":{"line":18,"column":1450},"end":{"line":18,"column":1626}}],"line":18},"17":{"loc":{"start":{"line":18,"column":1527},"end":{"line":18,"column":1624}},"type":"if","locations":[{"start":{"line":18,"column":1527},"end":{"line":18,"column":1624}},{"start":{"line":18,"column":1527},"end":{"line":18,"column":1624}}],"line":18},"18":{"loc":{"start":{"line":18,"column":1549},"end":{"line":18,"column":1599}},"type":"if","locations":[{"start":{"line":18,"column":1549},"end":{"line":18,"column":1599}},{"start":{"line":18,"column":1549},"end":{"line":18,"column":1599}}],"line":18},"19":{"loc":{"start":{"line":18,"column":1627},"end":{"line":18,"column":1928}},"type":"if","locations":[{"start":{"line":18,"column":1627},"end":{"line":18,"column":1928}},{"start":{"line":18,"column":1627},"end":{"line":18,"column":1928}}],"line":18},"20":{"loc":{"start":{"line":18,"column":1706},"end":{"line":18,"column":1928}},"type":"if","locations":[{"start":{"line":18,"column":1706},"end":{"line":18,"column":1928}},{"start":{"line":18,"column":1706},"end":{"line":18,"column":1928}}],"line":18},"21":{"loc":{"start":{"line":18,"column":1740},"end":{"line":18,"column":1811}},"type":"if","locations":[{"start":{"line":18,"column":1740},"end":{"line":18,"column":1811}},{"start":{"line":18,"column":1740},"end":{"line":18,"column":1811}}],"line":18},"22":{"loc":{"start":{"line":18,"column":1859},"end":{"line":18,"column":1927}},"type":"binary-expr","locations":[{"start":{"line":18,"column":1859},"end":{"line":18,"column":1886}},{"start":{"line":18,"column":1890},"end":{"line":18,"column":1927}}],"line":18},"23":{"loc":{"start":{"line":18,"column":1997},"end":{"line":18,"column":2182}},"type":"if","locations":[{"start":{"line":18,"column":1997},"end":{"line":18,"column":2182}},{"start":{"line":18,"column":1997},"end":{"line":18,"column":2182}}],"line":18},"24":{"loc":{"start":{"line":18,"column":2029},"end":{"line":18,"column":2130}},"type":"if","locations":[{"start":{"line":18,"column":2029},"end":{"line":18,"column":2130}},{"start":{"line":18,"column":2029},"end":{"line":18,"column":2130}}],"line":18},"25":{"loc":{"start":{"line":18,"column":2041},"end":{"line":18,"column":2086}},"type":"cond-expr","locations":[{"start":{"line":18,"column":2056},"end":{"line":18,"column":2067}},{"start":{"line":18,"column":2070},"end":{"line":18,"column":2086}}],"line":18},"26":{"loc":{"start":{"line":18,"column":2183},"end":{"line":18,"column":2283}},"type":"binary-expr","locations":[{"start":{"line":18,"column":2183},"end":{"line":18,"column":2206}},{"start":{"line":18,"column":2211},"end":{"line":18,"column":2282}}],"line":18},"27":{"loc":{"start":{"line":18,"column":2787},"end":{"line":18,"column":2829}},"type":"binary-expr","locations":[{"start":{"line":18,"column":2787},"end":{"line":18,"column":2795}},{"start":{"line":18,"column":2799},"end":{"line":18,"column":2829}}],"line":18},"28":{"loc":{"start":{"line":18,"column":2831},"end":{"line":18,"column":2993}},"type":"binary-expr","locations":[{"start":{"line":18,"column":2831},"end":{"line":18,"column":2854}},{"start":{"line":18,"column":2858},"end":{"line":18,"column":2888}},{"start":{"line":18,"column":2892},"end":{"line":18,"column":2944}},{"start":{"line":18,"column":2949},"end":{"line":18,"column":2992}}],"line":18},"29":{"loc":{"start":{"line":18,"column":3441},"end":{"line":18,"column":3933}},"type":"if","locations":[{"start":{"line":18,"column":3441},"end":{"line":18,"column":3933}},{"start":{"line":18,"column":3441},"end":{"line":18,"column":3933}}],"line":18},"30":{"loc":{"start":{"line":18,"column":3526},"end":{"line":18,"column":3930}},"type":"cond-expr","locations":[{"start":{"line":18,"column":3597},"end":{"line":18,"column":3757}},{"start":{"line":18,"column":3760},"end":{"line":18,"column":3930}}],"line":18},"31":{"loc":{"start":{"line":18,"column":3526},"end":{"line":18,"column":3594}},"type":"binary-expr","locations":[{"start":{"line":18,"column":3526},"end":{"line":18,"column":3531}},{"start":{"line":18,"column":3535},"end":{"line":18,"column":3561}},{"start":{"line":18,"column":3565},"end":{"line":18,"column":3594}}],"line":18},"32":{"loc":{"start":{"line":18,"column":4178},"end":{"line":18,"column":4303}},"type":"cond-expr","locations":[{"start":{"line":18,"column":4196},"end":{"line":18,"column":4272}},{"start":{"line":18,"column":4275},"end":{"line":18,"column":4303}}],"line":18},"33":{"loc":{"start":{"line":18,"column":4408},"end":{"line":18,"column":4810}},"type":"if","locations":[{"start":{"line":18,"column":4408},"end":{"line":18,"column":4810}},{"start":{"line":18,"column":4408},"end":{"line":18,"column":4810}}],"line":18},"34":{"loc":{"start":{"line":18,"column":4436},"end":{"line":18,"column":4783}},"type":"if","locations":[{"start":{"line":18,"column":4436},"end":{"line":18,"column":4783}},{"start":{"line":18,"column":4436},"end":{"line":18,"column":4783}}],"line":18},"35":{"loc":{"start":{"line":18,"column":4495},"end":{"line":18,"column":4676}},"type":"if","locations":[{"start":{"line":18,"column":4495},"end":{"line":18,"column":4676}},{"start":{"line":18,"column":4495},"end":{"line":18,"column":4676}}],"line":18},"36":{"loc":{"start":{"line":18,"column":4499},"end":{"line":18,"column":4650}},"type":"binary-expr","locations":[{"start":{"line":18,"column":4499},"end":{"line":18,"column":4526}},{"start":{"line":18,"column":4531},"end":{"line":18,"column":4649}}],"line":18},"37":{"loc":{"start":{"line":18,"column":4874},"end":{"line":18,"column":5004}},"type":"if","locations":[{"start":{"line":18,"column":4874},"end":{"line":18,"column":5004}},{"start":{"line":18,"column":4874},"end":{"line":18,"column":5004}}],"line":18},"38":{"loc":{"start":{"line":18,"column":5035},"end":{"line":18,"column":5400}},"type":"cond-expr","locations":[{"start":{"line":18,"column":5042},"end":{"line":18,"column":5263}},{"start":{"line":18,"column":5267},"end":{"line":18,"column":5399}}],"line":18},"39":{"loc":{"start":{"line":18,"column":5042},"end":{"line":18,"column":5263}},"type":"cond-expr","locations":[{"start":{"line":18,"column":5055},"end":{"line":18,"column":5255}},{"start":{"line":18,"column":5259},"end":{"line":18,"column":5263}}],"line":18},"40":{"loc":{"start":{"line":18,"column":5131},"end":{"line":18,"column":5212}},"type":"binary-expr","locations":[{"start":{"line":18,"column":5131},"end":{"line":18,"column":5158}},{"start":{"line":18,"column":5163},"end":{"line":18,"column":5211}}],"line":18},"41":{"loc":{"start":{"line":18,"column":5467},"end":{"line":18,"column":5506}},"type":"binary-expr","locations":[{"start":{"line":18,"column":5467},"end":{"line":18,"column":5476}},{"start":{"line":18,"column":5481},"end":{"line":18,"column":5505}}],"line":18},"42":{"loc":{"start":{"line":18,"column":5508},"end":{"line":18,"column":5575}},"type":"binary-expr","locations":[{"start":{"line":18,"column":5508},"end":{"line":18,"column":5517}},{"start":{"line":18,"column":5522},"end":{"line":18,"column":5574}}],"line":18},"43":{"loc":{"start":{"line":18,"column":5653},"end":{"line":18,"column":5675}},"type":"binary-expr","locations":[{"start":{"line":18,"column":5653},"end":{"line":18,"column":5669}},{"start":{"line":18,"column":5673},"end":{"line":18,"column":5675}}],"line":18},"44":{"loc":{"start":{"line":18,"column":5908},"end":{"line":18,"column":6358}},"type":"if","locations":[{"start":{"line":18,"column":5908},"end":{"line":18,"column":6358}},{"start":{"line":18,"column":5908},"end":{"line":18,"column":6358}}],"line":18},"45":{"loc":{"start":{"line":18,"column":5971},"end":{"line":18,"column":6028}},"type":"if","locations":[{"start":{"line":18,"column":5971},"end":{"line":18,"column":6028}},{"start":{"line":18,"column":5971},"end":{"line":18,"column":6028}}],"line":18},"46":{"loc":{"start":{"line":18,"column":6029},"end":{"line":18,"column":6085}},"type":"if","locations":[{"start":{"line":18,"column":6029},"end":{"line":18,"column":6085}},{"start":{"line":18,"column":6029},"end":{"line":18,"column":6085}}],"line":18},"47":{"loc":{"start":{"line":18,"column":6086},"end":{"line":18,"column":6356}},"type":"if","locations":[{"start":{"line":18,"column":6086},"end":{"line":18,"column":6356}},{"start":{"line":18,"column":6086},"end":{"line":18,"column":6356}}],"line":18},"48":{"loc":{"start":{"line":18,"column":6187},"end":{"line":18,"column":6271}},"type":"if","locations":[{"start":{"line":18,"column":6187},"end":{"line":18,"column":6271}},{"start":{"line":18,"column":6187},"end":{"line":18,"column":6271}}],"line":18},"49":{"loc":{"start":{"line":18,"column":6814},"end":{"line":18,"column":6863}},"type":"binary-expr","locations":[{"start":{"line":18,"column":6814},"end":{"line":18,"column":6841}},{"start":{"line":18,"column":6845},"end":{"line":18,"column":6863}}],"line":18},"50":{"loc":{"start":{"line":18,"column":6872},"end":{"line":18,"column":6969}},"type":"binary-expr","locations":[{"start":{"line":18,"column":6872},"end":{"line":18,"column":6878}},{"start":{"line":18,"column":6883},"end":{"line":18,"column":6909}},{"start":{"line":18,"column":6913},"end":{"line":18,"column":6968}}],"line":18},"51":{"loc":{"start":{"line":18,"column":6938},"end":{"line":18,"column":6967}},"type":"binary-expr","locations":[{"start":{"line":18,"column":6938},"end":{"line":18,"column":6954}},{"start":{"line":18,"column":6958},"end":{"line":18,"column":6967}}],"line":18},"52":{"loc":{"start":{"line":18,"column":7016},"end":{"line":18,"column":7203}},"type":"cond-expr","locations":[{"start":{"line":18,"column":7040},"end":{"line":18,"column":7097}},{"start":{"line":18,"column":7101},"end":{"line":18,"column":7202}}],"line":18},"53":{"loc":{"start":{"line":18,"column":7564},"end":{"line":18,"column":7613}},"type":"binary-expr","locations":[{"start":{"line":18,"column":7564},"end":{"line":18,"column":7586}},{"start":{"line":18,"column":7591},"end":{"line":18,"column":7612}}],"line":18},"54":{"loc":{"start":{"line":18,"column":7708},"end":{"line":18,"column":7842}},"type":"cond-expr","locations":[{"start":{"line":18,"column":7747},"end":{"line":18,"column":7751}},{"start":{"line":18,"column":7754},"end":{"line":18,"column":7842}}],"line":18},"55":{"loc":{"start":{"line":18,"column":7798},"end":{"line":18,"column":7838}},"type":"cond-expr","locations":[{"start":{"line":18,"column":7812},"end":{"line":18,"column":7824}},{"start":{"line":18,"column":7827},"end":{"line":18,"column":7838}}],"line":18},"56":{"loc":{"start":{"line":18,"column":8226},"end":{"line":18,"column":8291}},"type":"if","locations":[{"start":{"line":18,"column":8226},"end":{"line":18,"column":8291}},{"start":{"line":18,"column":8226},"end":{"line":18,"column":8291}}],"line":18},"57":{"loc":{"start":{"line":18,"column":8437},"end":{"line":18,"column":8776}},"type":"if","locations":[{"start":{"line":18,"column":8437},"end":{"line":18,"column":8776}},{"start":{"line":18,"column":8437},"end":{"line":18,"column":8776}}],"line":18},"58":{"loc":{"start":{"line":18,"column":8670},"end":{"line":18,"column":8773}},"type":"binary-expr","locations":[{"start":{"line":18,"column":8670},"end":{"line":18,"column":8692}},{"start":{"line":18,"column":8696},"end":{"line":18,"column":8719}},{"start":{"line":18,"column":8723},"end":{"line":18,"column":8745}},{"start":{"line":18,"column":8750},"end":{"line":18,"column":8772}}],"line":18},"59":{"loc":{"start":{"line":18,"column":8868},"end":{"line":18,"column":8922}},"type":"if","locations":[{"start":{"line":18,"column":8868},"end":{"line":18,"column":8922}},{"start":{"line":18,"column":8868},"end":{"line":18,"column":8922}}],"line":18},"60":{"loc":{"start":{"line":18,"column":9003},"end":{"line":18,"column":9034}},"type":"if","locations":[{"start":{"line":18,"column":9003},"end":{"line":18,"column":9034}},{"start":{"line":18,"column":9003},"end":{"line":18,"column":9034}}],"line":18},"61":{"loc":{"start":{"line":18,"column":9160},"end":{"line":18,"column":9220}},"type":"binary-expr","locations":[{"start":{"line":18,"column":9160},"end":{"line":18,"column":9166}},{"start":{"line":18,"column":9171},"end":{"line":18,"column":9219}}],"line":18},"62":{"loc":{"start":{"line":18,"column":9349},"end":{"line":18,"column":9399}},"type":"if","locations":[{"start":{"line":18,"column":9349},"end":{"line":18,"column":9399}},{"start":{"line":18,"column":9349},"end":{"line":18,"column":9399}}],"line":18},"63":{"loc":{"start":{"line":18,"column":9400},"end":{"line":18,"column":9936}},"type":"if","locations":[{"start":{"line":18,"column":9400},"end":{"line":18,"column":9936}},{"start":{"line":18,"column":9400},"end":{"line":18,"column":9936}}],"line":18},"64":{"loc":{"start":{"line":18,"column":9527},"end":{"line":18,"column":9934}},"type":"if","locations":[{"start":{"line":18,"column":9527},"end":{"line":18,"column":9934}},{"start":{"line":18,"column":9527},"end":{"line":18,"column":9934}}],"line":18},"65":{"loc":{"start":{"line":18,"column":9531},"end":{"line":18,"column":9553}},"type":"binary-expr","locations":[{"start":{"line":18,"column":9531},"end":{"line":18,"column":9539}},{"start":{"line":18,"column":9543},"end":{"line":18,"column":9553}}],"line":18},"66":{"loc":{"start":{"line":18,"column":9557},"end":{"line":18,"column":9623}},"type":"if","locations":[{"start":{"line":18,"column":9557},"end":{"line":18,"column":9623}},{"start":{"line":18,"column":9557},"end":{"line":18,"column":9623}}],"line":18},"67":{"loc":{"start":{"line":18,"column":9624},"end":{"line":18,"column":9690}},"type":"if","locations":[{"start":{"line":18,"column":9624},"end":{"line":18,"column":9690}},{"start":{"line":18,"column":9624},"end":{"line":18,"column":9690}}],"line":18},"68":{"loc":{"start":{"line":18,"column":9698},"end":{"line":18,"column":9934}},"type":"if","locations":[{"start":{"line":18,"column":9698},"end":{"line":18,"column":9934}},{"start":{"line":18,"column":9698},"end":{"line":18,"column":9934}}],"line":18},"69":{"loc":{"start":{"line":18,"column":9714},"end":{"line":18,"column":9780}},"type":"if","locations":[{"start":{"line":18,"column":9714},"end":{"line":18,"column":9780}},{"start":{"line":18,"column":9714},"end":{"line":18,"column":9780}}],"line":18},"70":{"loc":{"start":{"line":18,"column":9790},"end":{"line":18,"column":9865}},"type":"if","locations":[{"start":{"line":18,"column":9790},"end":{"line":18,"column":9865}},{"start":{"line":18,"column":9790},"end":{"line":18,"column":9865}}],"line":18},"71":{"loc":{"start":{"line":18,"column":9866},"end":{"line":18,"column":9932}},"type":"if","locations":[{"start":{"line":18,"column":9866},"end":{"line":18,"column":9932}},{"start":{"line":18,"column":9866},"end":{"line":18,"column":9932}}],"line":18},"72":{"loc":{"start":{"line":18,"column":10067},"end":{"line":18,"column":10202}},"type":"if","locations":[{"start":{"line":18,"column":10067},"end":{"line":18,"column":10202}},{"start":{"line":18,"column":10067},"end":{"line":18,"column":10202}}],"line":18},"73":{"loc":{"start":{"line":18,"column":10071},"end":{"line":18,"column":10164}},"type":"binary-expr","locations":[{"start":{"line":18,"column":10071},"end":{"line":18,"column":10096}},{"start":{"line":18,"column":10100},"end":{"line":18,"column":10132}},{"start":{"line":18,"column":10136},"end":{"line":18,"column":10164}}],"line":18},"74":{"loc":{"start":{"line":18,"column":10205},"end":{"line":18,"column":10351}},"type":"binary-expr","locations":[{"start":{"line":18,"column":10205},"end":{"line":18,"column":10217}},{"start":{"line":18,"column":10222},"end":{"line":18,"column":10238}},{"start":{"line":18,"column":10242},"end":{"line":18,"column":10261}},{"start":{"line":18,"column":10266},"end":{"line":18,"column":10292}},{"start":{"line":18,"column":10296},"end":{"line":18,"column":10326}},{"start":{"line":18,"column":10331},"end":{"line":18,"column":10350}}],"line":18},"75":{"loc":{"start":{"line":18,"column":10366},"end":{"line":18,"column":10409}},"type":"cond-expr","locations":[{"start":{"line":18,"column":10381},"end":{"line":18,"column":10404}},{"start":{"line":18,"column":10407},"end":{"line":18,"column":10409}}],"line":18},"76":{"loc":{"start":{"line":18,"column":10456},"end":{"line":18,"column":10572}},"type":"cond-expr","locations":[{"start":{"line":18,"column":10472},"end":{"line":18,"column":10547}},{"start":{"line":18,"column":10551},"end":{"line":18,"column":10572}}],"line":18},"77":{"loc":{"start":{"line":18,"column":10625},"end":{"line":18,"column":10671}},"type":"if","locations":[{"start":{"line":18,"column":10625},"end":{"line":18,"column":10671}},{"start":{"line":18,"column":10625},"end":{"line":18,"column":10671}}],"line":18},"78":{"loc":{"start":{"line":18,"column":10679},"end":{"line":18,"column":10930}},"type":"cond-expr","locations":[{"start":{"line":18,"column":10735},"end":{"line":18,"column":10757}},{"start":{"line":18,"column":10760},"end":{"line":18,"column":10930}}],"line":18},"79":{"loc":{"start":{"line":18,"column":10679},"end":{"line":18,"column":10732}},"type":"binary-expr","locations":[{"start":{"line":18,"column":10679},"end":{"line":18,"column":10702}},{"start":{"line":18,"column":10706},"end":{"line":18,"column":10732}}],"line":18},"80":{"loc":{"start":{"line":18,"column":10760},"end":{"line":18,"column":10930}},"type":"cond-expr","locations":[{"start":{"line":18,"column":10788},"end":{"line":18,"column":10864}},{"start":{"line":18,"column":10868},"end":{"line":18,"column":10930}}],"line":18},"81":{"loc":{"start":{"line":18,"column":10868},"end":{"line":18,"column":10930}},"type":"binary-expr","locations":[{"start":{"line":18,"column":10868},"end":{"line":18,"column":10892}},{"start":{"line":18,"column":10896},"end":{"line":18,"column":10904}},{"start":{"line":18,"column":10909},"end":{"line":18,"column":10929}}],"line":18},"82":{"loc":{"start":{"line":18,"column":11079},"end":{"line":18,"column":11211}},"type":"if","locations":[{"start":{"line":18,"column":11079},"end":{"line":18,"column":11211}},{"start":{"line":18,"column":11079},"end":{"line":18,"column":11211}}],"line":18},"83":{"loc":{"start":{"line":18,"column":11340},"end":{"line":18,"column":11498}},"type":"if","locations":[{"start":{"line":18,"column":11340},"end":{"line":18,"column":11498}},{"start":{"line":18,"column":11340},"end":{"line":18,"column":11498}}],"line":18},"84":{"loc":{"start":{"line":18,"column":11402},"end":{"line":18,"column":11481}},"type":"if","locations":[{"start":{"line":18,"column":11402},"end":{"line":18,"column":11481}},{"start":{"line":18,"column":11402},"end":{"line":18,"column":11481}}],"line":18},"85":{"loc":{"start":{"line":18,"column":11714},"end":{"line":18,"column":11762}},"type":"binary-expr","locations":[{"start":{"line":18,"column":11714},"end":{"line":18,"column":11736}},{"start":{"line":18,"column":11741},"end":{"line":18,"column":11761}}],"line":18},"86":{"loc":{"start":{"line":20,"column":176},"end":{"line":20,"column":263}},"type":"i
[...]
10292}},{"start":{"line":24,"column":10296},"end":{"line":24,"column":10326}},{"start":{"line":24,"column":10331},"end":{"line":24,"column":10350}}],"line":24},"90":{"loc":{"start":{"line":24,"column":10366},"end":{"line":24,"column":10409}},"type":"cond-expr","locations":[{"start":{"line":24,"column":10381},"end":{"line":24,"column":10404}},{"start":{"line":24,"column":10407},"end":{"line":24,"column":10409}}],"line":24},"91":{"loc":{"start":{"line":24,"column":10456},"end":{"line":24,"column":10572}},"type":"cond-expr","locations":[{"start":{"line":24,"column":10472},"end":{"line":24,"column":10547}},{"start":{"line":24,"column":10551},"end":{"line":24,"column":10572}}],"line":24},"92":{"loc":{"start":{"line":24,"column":10625},"end":{"line":24,"column":10671}},"type":"if","locations":[{"start":{"line":24,"column":10625},"end":{"line":24,"column":10671}},{"start":{"line":24,"column":10625},"end":{"line":24,"column":10671}}],"line":24},"93":{"loc":{"start":{"line":24,"column":10679},"end":{"line":24,"column":10930}},"type":"cond-expr","locations":[{"start":{"line":24,"column":10735},"end":{"line":24,"column":10757}},{"start":{"line":24,"column":10760},"end":{"line":24,"column":10930}}],"line":24},"94":{"loc":{"start":{"line":24,"column":10679},"end":{"line":24,"column":10732}},"type":"binary-expr","locations":[{"start":{"line":24,"column":10679},"end":{"line":24,"column":10702}},{"start":{"line":24,"column":10706},"end":{"line":24,"column":10732}}],"line":24},"95":{"loc":{"start":{"line":24,"column":10760},"end":{"line":24,"column":10930}},"type":"cond-expr","locations":[{"start":{"line":24,"column":10788},"end":{"line":24,"column":10864}},{"start":{"line":24,"column":10868},"end":{"line":24,"column":10930}}],"line":24},"96":{"loc":{"start":{"line":24,"column":10868},"end":{"line":24,"column":10930}},"type":"binary-expr","locations":[{"start":{"line":24,"column":10868},"end":{"line":24,"column":10892}},{"start":{"line":24,"column":10896},"end":{"line":24,"column":10904}},{"start":{"line":24,"column":10909},"end":{"line":24,"column":10929}}],"line":24},"97":{"loc":{"start":{"line":24,"column":11079},"end":{"line":24,"column":11211}},"type":"if","locations":[{"start":{"line":24,"column":11079},"end":{"line":24,"column":11211}},{"start":{"line":24,"column":11079},"end":{"line":24,"column":11211}}],"line":24},"98":{"loc":{"start":{"line":24,"column":11340},"end":{"line":24,"column":11498}},"type":"if","locations":[{"start":{"line":24,"column":11340},"end":{"line":24,"column":11498}},{"start":{"line":24,"column":11340},"end":{"line":24,"column":11498}}],"line":24},"99":{"loc":{"start":{"line":24,"column":11402},"end":{"line":24,"column":11481}},"type":"if","locations":[{"start":{"line":24,"column":11402},"end":{"line":24,"column":11481}},{"start":{"line":24,"column":11402},"end":{"line":24,"column":11481}}],"line":24},"100":{"loc":{"start":{"line":24,"column":11714},"end":{"line":24,"column":11762}},"type":"binary-expr","locations":[{"start":{"line":24,"column":11714},"end":{"line":24,"column":11736}},{"start":{"line":24,"column":11741},"end":{"line":24,"column":11761}}],"line":24},"101":{"loc":{"start":{"line":26,"column":176},"end":{"line":26,"column":263}},"type":"if","locations":[{"start":{"line":26,"column":176},"end":{"line":26,"column":263}},{"start":{"line":26,"column":176},"end":{"line":26,"column":263}}],"line":26},"102":{"loc":{"start":{"line":30,"column":50},"end":{"line":30,"column":151}},"type":"if","locations":[{"start":{"line":30,"column":50},"end":{"line":30,"column":151}},{"start":{"line":30,"column":50},"end":{"line":30,"column":151}}],"line":30},"103":{"loc":{"start":{"line":32,"column":136},"end":{"line":32,"column":166}},"type":"binary-expr","locations":[{"start":{"line":32,"column":136},"end":{"line":32,"column":157}},{"start":{"line":32,"column":161},"end":{"line":32,"column":166}}],"line":32},"104":{"loc":{"start":{"line":32,"column":200},"end":{"line":32,"column":254}},"type":"if","locations":[{"start":{"line":32,"column":200},"end":{"line":32,"column":254}},{"start":{"line":32,"column":200},"end":{"line":32,"column":254}}],"line":32},"105":{"loc":{"start":{"line":34,"column":62},"end":{"line":34,"column":131}},"type":"if","locations":[{"start":{"line":34,"column":62},"end":{"line":34,"column":131}},{"start":{"line":34,"column":62},"end":{"line":34,"column":131}}],"line":34},"106":{"loc":{"start":{"line":34,"column":132},"end":{"line":34,"column":193}},"type":"if","locations":[{"start":{"line":34,"column":132},"end":{"line":34,"column":193}},{"start":{"line":34,"column":132},"end":{"line":34,"column":193}}],"line":34},"107":{"loc":{"start":{"line":36,"column":43},"end":{"line":36,"column":182}},"type":"if","locations":[{"start":{"line":36,"column":43},"end":{"line":36,"column":182}},{"start":{"line":36,"column":43},"end":{"line":36,"column":182}}],"line":36},"108":{"loc":{"start":{"line":36,"column":47},"end":{"line":36,"column":102}},"type":"binary-expr","locations":[{"start":{"line":36,"column":47},"end":{"line":36,"column":79}},{"start":{"line":36,"column":83},"end":{"line":36,"column":102}}],"line":36},"109":{"loc":{"start":{"line":36,"column":218},"end":{"line":36,"column":252}},"type":"binary-expr","locations":[{"start":{"line":36,"column":218},"end":{"line":36,"column":228}},{"start":{"line":36,"column":232},"end":{"line":36,"column":252}}],"line":36},"110":{"loc":{"start":{"line":36,"column":396},"end":{"line":36,"column":450}},"type":"if","locations":[{"start":{"line":36,"column":396},"end":{"line":36,"column":450}},{"start":{"line":36,"column":396},"end":{"line":36,"column":450}}],"line":36},"111":{"loc":{"start":{"line":38,"column":51},"end":{"line":38,"column":167}},"type":"cond-expr","locations":[{"start":{"line":38,"column":75},"end":{"line":38,"column":103}},{"start":{"line":38,"column":106},"end":{"line":38,"column":167}}],"line":38},"112":{"loc":{"start":{"line":40,"column":181},"end":{"line":40,"column":371}},"type":"if","locations":[{"start":{"line":40,"column":181},"end":{"line":40,"column":371}},{"start":{"line":40,"column":181},"end":{"line":40,"column":371}}],"line":40},"113":{"loc":{"start":{"line":42,"column":50},"end":{"line":42,"column":249}},"type":"if","locations":[{"start":{"line":42,"column":50},"end":{"line":42,"column":249}},{"start":{"line":42,"column":50},"end":{"line":42,"column":249}}],"line":42},"114":{"loc":{"start":{"line":42,"column":54},"end":{"line":42,"column":120}},"type":"binary-expr","locations":[{"start":{"line":42,"column":54},"end":{"line":42,"column":58}},{"start":{"line":42,"column":63},"end":{"line":42,"column":89}},{"start":{"line":42,"column":93},"end":{"line":42,"column":119}}],"line":42},"115":{"loc":{"start":{"line":42,"column":144},"end":{"line":42,"column":249}},"type":"if","locations":[{"start":{"line":42,"column":144},"end":{"line":42,"column":249}},{"start":{"line":42,"column":144},"end":{"line":42,"column":249}}],"line":42},"116":{"loc":{"start":{"line":44,"column":40},"end":{"line":44,"column":151}},"type":"if","locations":[{"start":{"line":44,"column":40},"end":{"line":44,"column":151}},{"start":{"line":44,"column":40},"end":{"line":44,"column":151}}],"line":44},"117":{"loc":{"start":{"line":46,"column":39},"end":{"line":46,"column":110}},"type":"if","locations":[{"start":{"line":46,"column":39},"end":{"line":46,"column":110}},{"start":{"line":46,"column":39},"end":{"line":46,"column":110}}],"line":46},"118":{"loc":{"start":{"line":46,"column":43},"end":{"line":46,"column":95}},"type":"binary-expr","locations":[{"start":{"line":46,"column":43},"end":{"line":46,"column":73}},{"start":{"line":46,"column":77},"end":{"line":46,"column":95}}],"line":46},"119":{"loc":{"start":{"line":46,"column":111},"end":{"line":46,"column":152}},"type":"if","locations":[{"start":{"line":46,"column":111},"end":{"line":46,"column":152}},{"start":{"line":46,"column":111},"end":{"line":46,"column":152}}],"line":46},"120":{"loc":{"start":{"line":46,"column":153},"end":{"line":46,"column":198}},"type":"if","locations":[{"start":{"line":46,"column":153},"end":{"line":46,"column":198}},{"start":{"line":46,"column":153},"end":{"line":46,"column":198}}],"line":46},"121":{"loc":{"start":{"line":48,"column":48},"end":{"line":48,"column":182}},"type":"cond-expr","locations":[{"start":{"line":48,"column":72},"end":{"line":48,"column":100}},{"start":{"line":48,"column":103},"end":{"line":48,"column":182}}],"line":48},"122":{"loc":{"start":{"line":48,"column":140},"end":{"line":48,"column":179}},"type":"binary-expr","locations":[{"start":{"line":48,"column":140},"end":{"line":48,"column":151}},{"start":{"line":48,"column":155},"end":{"line":48,"column":179}}],"line":48},"123":{"loc":{"start":{"line":50,"column":44},"end":{"line":50,"column":195}},"type":"if","locations":[{"start":{"line":50,"column":44},"end":{"line":50,"column":195}},{"start":{"line":50,"column":44},"end":{"line":50,"column":195}}],"line":50},"124":{"loc":{"start":{"line":77,"column":12},"end":{"line":115,"column":13}},"type":"switch","locations":[{"start":{"line":78,"column":14},"end":{"line":87,"column":79}},{"start":{"line":89,"column":14},"end":{"line":97,"column":22}},{"start":{"line":99,"column":14},"end":{"line":105,"column":19}},{"start":{"line":107,"column":14},"end":{"line":110,"column":19}},{"start":{"line":112,"column":14},"end":{"line":112,"column":22}},{"start":{"line":113,"column":14},"end":{"line":114,"column":39}}],"line":77}},"s":{"0":1,"1":1,"2":0,"3":1,"4":1,"5":1,"6":1,"7":1,"8":1,"9":1,"10":1,"11":0,"12":1,"13":1,"14":1,"15":1,"16":1,"17":0,"18":1,"19":0,"20":1,"21":1,"22":0,"23":1,"24":1,"25":1,"26":35,"27":35,"28":35,"29":0,"30":35,"31":1,"32":1,"33":1,"34":1,"35":0,"36":0,"37":0,"38":0,"39":0,"40":0,"41":0,"42":0,"43":0,"44":0,"45":0,"46":0,"47":0,"48":0,"49":0,"50":0,"51":0,"52":0,"53":0,"54":0,"55":0,"56":0,"57":0,"58":0,"59":0,"60":0,"61":0,"62":0,"63":0,"64":0,"65":0,"66":0,"67":0,"68":0,"69":0,"70":0,"71":0,"72":0,"73":0,"74":0,"75":0,"76":0,"77":0,"78":0,"79":0,"80":0,"81":0,"82":0,"83":0,"84":0,"85":0,"86":0,"87":0,"88":0,"89":0,"90":0,"91":0,"92":0,"93":0,"94":0,"95":0,"96":0,"97":0,"98":0,"99":0,"100":0,"101":0,"102":0,"103":0,"104":0,"105":0,"106":0,"107":0,"108":0,"109":0,"110":0,"111":0,"112":0,"113":0,"114":0,"115":0,"116":0,"117":0,"118":0,"119":0,"120":0,"121":0,"122":0,"123":0,"124":0,"125":0,"126":0,"127":0,"128":0,"129":0,"130":0,"131":0,"132":0,"133":0,"134":0,"135":0,"136":0,"137":0,"138":0,"139":0,"140":0,"141":0,"142":0,"143":0,"144":0,"145":0,"146":0,"147":0,"148":0,"149":0,"150":0,"151":0,"152":0,"153":0,"154":0,"155":0,"156":0,"157":0,"158":0,"159":0,"160":0,"161":0,"162":0,"163":0,"164":0,"165":0,"166":0,"167":0,"168":0,"169":0,"170":0,"171":0,"172":0,"173":0,"174":0,"175":0,"176":0,"177":0,"178":0,"179":0,"180":0,"181":0,"182":0,"183":0,"184":0,"185":0,"186":0,"187":0,"188":0,"189":0,"190":0,"191":0,"192":0,"193":0,"194":0,"195":0,"196":0,"197":0,"198":0,"199":0,"200":0,"201":0,"202":0,"203":0,"204":0,"205":0,"206":0,"207":0,"208":0,"209":0,"210":0,"211":0,"212":0,"213":0,"214":0,"215":0,"216":0,"217":0,"218":0,"219":0,"220":0,"221":0,"222":0,"223":0,"224":0,"225":0,"226":0,"227":0,"228":0,"229":0,"230":0,"231":0,"232":0,"233":0,"234":0,"235":0,"236":0,"237":0,"238":0,"239":0,"240":0,"241":0,"242":0,"243":0,"244":0,"245":1,"246":1,"247":1,"248":1,"249":1,"250":1,"251":1,"252":1,"253":1,"254":1,"255":1,"256":0,"257":1,"258":1,"259":1,"260":0,"261":1,"262":1,"263":1,"264":1,"265":1,"266":0,"267":0,"268":1,"269":1,"270":1,"271":0,"272":0,"273":0,"274":0,"275":0,"276":0,"277":0,"278":0,"279":0,"280":0,"281":0,"282":0,"283":0,"284":0,"285":1,"286":0,"287":1,"288":0,"289":1,"290":1,"291":0,"292":0,"293":0,"294":0,"295":0,"296":0,"297":0,"298":0,"299":0,"300":0,"301":0,"302":1,"303":1,"304":1,"305":0,"306":0,"307":0,"308":0,"309":0,"310":0,"311":0,"312":0,"313":0,"314":0,"315":0,"316":0,"317":0,"318":0,"319":0,"320":0,"321":0,"322":0,"323":0,"324":0,"325":0,"326":0,"327":0,"328":0,"329":0,"330":0,"331":0,"332":0,"333":0,"334":0,"335":1,"336":0,"337":1,"338":1,"339":1},"f":{"0":1,"1":1,"2":0,"3":1,"4":1,"5":1,"6":1,"7":0,"8":0,"9":0,"10":0,"11":0,"12":0,"13":0,"14":0,"15":0,"16":0,"17":0,"18":0,"19":0,"20":0,"21":0,"22":0,"23":0,"24":0,"25":0,"26":0,"27":0,"28":0,"29":0,"30":0,"31":0,"32":0,"33":0,"34":0,"35":0,"36":0,"37":0,"38":0,"39":0,"40":0,"41":0,"42":0,"43":0,"44":0,"45":0,"46":0,"47":0,"48":0,"49":0,"50":0,"51":0,"52":0,"53":0,"54":0,"55":0,"56":0,"57":0,"58":0,"59":0,"60":0,"61":0,"62":0,"63":0,"64":1,"65":1,"66":1,"67":1,"68":0,"69":1,"70":0,"71":0,"72":0,"73":1,"74":0,"75":0,"76":0,"77":0,"78":1,"79":0,"80":0,"81":0,"82":0,"83":0,"84":0},"b":{"0":[1,0],"1":[1,1],"2":[0,0],"3":[0,0,0,0],"4":[1,0],"5":[1,1],"6":[0,1],"7":[0,1],"8":[0,1],"9":[1,1,1],"10":[0,1],"11":[1,1,0],"12":[0,1],"13":[1,1],"14":[1,1],"15":[35,0],"16":[35,35],"17":[35,0],"18":[0,35],"19":[35,35,35],"20":[1,0],"21":[0,0],"22":[0,0],"23":[0,0],"24":[0,0],"25":[0,0],"26":[0,0],"27":[0,0],"28":[0,0],"29":[0,0],"30":[0,0],"31":[0,0],"32":[0,0],"33":[0,0],"34":[0,0],"35":[0,0],"36":[0,0],"37":[0,0],"38":[0,0],"39":[0,0],"40":[0,0],"41":[0,0],"42":[0,0],"43":[0,0,0,0],"44":[0,0],"45":[0,0],"46":[0,0,0],"47":[0,0],"48":[0,0],"49":[0,0],"50":[0,0],"51":[0,0],"52":[0,0],"53":[0,0],"54":[0,0],"55":[0,0],"56":[0,0],"57":[0,0],"58":[0,0],"59":[0,0],"60":[0,0],"61":[0,0],"62":[0,0],"63":[0,0],"64":[0,0],"65":[0,0,0],"66":[0,0],"67":[0,0],"68":[0,0],"69":[0,0],"70":[0,0],"71":[0,0],"72":[0,0],"73":[0,0,0,0],"74":[0,0],"75":[0,0],"76":[0,0],"77":[0,0],"78":[0,0],"79":[0,0],"80":[0,0],"81":[0,0],"82":[0,0],"83":[0,0],"84":[0,0],"85":[0,0],"86":[0,0],"87":[0,0],"88":[0,0,0],"89":[0,0,0,0,0,0],"90":[0,0],"91":[0,0],"92":[0,0],"93":[0,0],"94":[0,0],"95":[0,0],"96":[0,0,0],"97":[0,0],"98":[0,0],"99":[0,0],"100":[0,0],"101":[0,0],"102":[0,0],"103":[1,1],"104":[1,0],"105":[1,0],"106":[0,1],"107":[0,1],"108":[1,0],"109":[1,1],"110":[1,0],"111":[1,0],"112":[0,0],"113":[0,0],"114":[0,0,0],"115":[0,0],"116":[0,0],"117":[0,1],"118":[1,1],"119":[0,1],"120":[1,0],"121":[0,0],"122":[0,0],"123":[0,0],"124":[0,0,0,0,0,0]},"inputSourceMap":{"version":3,"names":["Buy","loading","errorMessage","event","preventDefault","setState","ChainAdapter","buyNft","props","nftAddress","Router","pushRoute","message","marginLeft","onSubmit","state","Component"],"sourceRoot":"/Users/admin/work/side_projects/nft-marketplace/components/","sources":["Buy.js"],"sourcesContent":["\nimport React, { Component } from \"react\";\nimport { Form, Button, Message } from 'semantic-ui-react';\nimport ChainAdapter from '../src/chain/adapters/ChainAdapter';\nimport { Router } from '../routes';\n\nclass Buy extends Component {\n\n    state = {\n        loading: false,\n        errorMessage: \"\",\n    }\n\n    onSubmit = async (event) => {\n        event.preventDefault();\n        this.setState({loading: true});\n        try{\n            await ChainAdapter.buyNft(this.props.nftAddress);\n            this.setState({errorMessage: \"\"});\n            Router.pushRoute(`/nft/${this.props.nftAddress}`);\n        }catch (err){\n            this.setState({errorMessage: err.message});\n        }\n        this.setState({loading: false});\n    }\n\n    render() {\n        return(\n            <Form style={{marginLeft: \"10px\"}} onSubmit={this.onSubmit}  error={!!this.state.errorMessage}>\n                <Message error header=\"Oops!\" content={this.state.errorMessage} />\n                <Button loading={this.state.loading} primary>\n                    Buy me\n                </Button>\n            </Form>\n        );\n    }\n}\n\nexport default Buy;"],"mappings":";;;;;;;;;AACA;;AACA;;AACA;;AACA;;;;;;;;+CAHA,oJ;;;;;;;;;;;;;;;;;;;;;;;;;;;;IAKMA,G;;;;;;;;;;;;;;;;4DAEM;MACJC,OAAO,EAAE,KADL;MAEJC,YAAY,EAAE;IAFV,C;;;4EAKG,iBAAOC,KAAP;QAAA;UAAA;YAAA;cAAA;gBACPA,KAAK,CAACC,cAAN;;gBACA,MAAKC,QAAL,CAAc;kBAACJ,OAAO,EAAE;gBAAV,CAAd;;gBAFO;gBAAA;gBAAA,OAIGK,wBAAA,CAAaC,MAAb,CAAoB,MAAKC,KAAL,CAAWC,UAA/B,CAJH;;cAAA;gBAKH,MAAKJ,QAAL,CAAc;kBAACH,YAAY,EAAE;gBAAf,CAAd;;gBACAQ,cAAA,CAAOC,SAAP,gBAAyB,MAAKH,KAAL,CAAWC,UAApC;;gBANG;gBAAA;;cAAA;gBAAA;gBAAA;;gBAQH,MAAKJ,QAAL,CAAc;kBAACH,YAAY,EAAE,YAAIU;gBAAnB,CAAd;;cARG;gBAUP,MAAKP,QAAL,CAAc;kBAACJ,OAAO,EAAE;gBAAV,CAAd;;cAVO;cAAA;gBAAA;YAAA;UAAA;QAAA;MAAA,C;;;;;;;;;;;;WAaX,kBAAS;MACL,oBACI,gCAAC,qBAAD;QAAM,KAAK,EAAE;UAACY,UAAU,EAAE;QAAb,CAAb;QAAmC,QAAQ,EAAE,KAAKC,QAAlD;QAA6D,KAAK,EAAE,CAAC,CAAC,KAAKC,KAAL,CAAWb;MAAjF,gBACI,gCAAC,wBAAD;QAAS,KAAK,MAAd;QAAe,MAAM,EAAC,OAAtB;QAA8B,OAAO,EAAE,KAAKa,KAAL,CAAWb;MAAlD,EADJ,eAEI,gCAAC,uBAAD;QAAQ,OAAO,EAAE,KAAKa,KAAL,CAAWd,OAA5B;QAAqC,OAAO;MAA5C,YAFJ,CADJ;IAQH;;;;EA7Bae,gB;;eAgCHhB,G"},"_coverageSchema":"1a1c01bbd47fc00a2c39e90264f33305004495a9","hash":"5d06c7f4dc3e490f58275cb70be94bec8e71fd50","contentHash":"460b39ef84b0b9c3eee8dcf962b29c81683c0893a8ad46a23f577eca26ee6f92"},"/Users/admin/work/side_projects/nft-marketplace/src/chain/adapters/ChainAdapter.js":{"path":"/Users/admin/work/side_projects/nft-marketplace/src/chain/adapters/ChainAdapter.js","statementMap":{"0":{"start":{"line":3,"column":0},"end":{"line":5,"column":3}},"1":{"start":{"line":6,"column":0},"end":{"line":6,"column":28}},"2":{"start":{"line":8,"column":23},"end":{"line":8,"column":75}},"3":{"start":{"line":10,"column":11},"end":{"line":10,"column":62}},"4":{"start":{"line":12,"column":14},"end":{"line":12,"column":67}},"5":{"start":{"line":14,"column":39},"end":{"line":14,"column":95}},"6":{"start":{"line":16,"column":19},"end":{"line":16,"column":23}},"7":{"start":{"line":18,"column":0},"end":{"line":21,"column":1}},"8":{"start":{"line":19,"column":15},"end":{"line":19,"column":66}},"9":{"start":{"line":20,"column":2},"end":{"line":20,"column":74}},"10":{"start":{"line":23,"column":15},"end":{"line":23,"column":27}},"11":{"start":{"line":24,"column":0},"end":{"line":24,"column":30}}},"fnMap":{"0":{"name":"_interopRequireDefault","decl":{"start":{"line":14,"column":9},"end":{"line":14,"column":31}},"loc":{"start":{"line":14,"column":37},"end":{"line":14,"column":97}},"line":14}},"branchMap":{"0":{"loc":{"start":{"line":14,"column":46},"end":{"line":14,"column":94}},"type":"cond-expr","locations":[{"start":{"line":14,"column":70},"end":{"line":14,"column":73}},{"start":{"line":14,"column":76},"end":{"line":14,"column":94}}],"line":14},"1":{"loc":{"start":{"line":14,"column":46},"end":{"line":14,"column":67}},"type":"binary-expr","locations":[{"start":{"line":14,"column":46},"end":{"line":14,"column":49}},{"start":{"line":14,"column":53},"end":{"line":14,"column":67}}],"line":14},"2":{"loc":{"start":{"line":18,"column":0},"end":{"line":21,"column":1}},"type":"if","locations":[{"start":{"line":18,"column":0},"end":{"line":21,"column":1}},{"start":{"line":18,"column":0},"end":{"line":21,"column":1}}],"line":18}},"s":{"0":1,"1":1,"2":1,"3":1,"4":1,"5":3,"6":1,"7":1,"8":0,"9":0,"10":1,"11":1},"f":{"0":3},"b":{"0":[3,0],"1":[3,3],"2":[0,1]},"inputSourceMap":{"version":3,"names":["ChainAdapter","process","env","CHAIN_ENV","market","Market","MARKET_ADDRESS","EthereumAdapter","web3"],"sourceRoot":"/Users/admin/work/side_projects/nft-marketplace/src/chain/adapters/","sources":["ChainAdapter.js"],"sourcesContent":["import EthereumAdapter from \"./EthereumAdapter\";\nimport web3 from \"../ethereum/web3\";\nimport Market from \"../ethereum/market\";\n\nlet ChainAdapter = null;\n\nif (process.env.CHAIN_ENV === 'ethereum') {\n    const market = Market(process.env.MARKET_ADDRESS);\n    ChainAdapter = new EthereumAdapter(web3, market);\n}\n\nexport default ChainAdapter;"],"mappings":";;;;;;;AAAA;;AACA;;AACA;;;;AAEA,IAAIA,YAAY,GAAG,IAAnB;;AAEA,IAAIC,OAAO,CAACC,GAAR,CAAYC,SAAZ,KAA0B,UAA9B,EAA0C;EACtC,IAAMC,MAAM,GAAG,IAAAC,kBAAA,EAAOJ,OAAO,CAACC,GAAR,CAAYI,cAAnB,CAAf;EACAN,YAAY,GAAG,IAAIO,2BAAJ,CAAoBC,eAApB,EAA0BJ,MAA1B,CAAf;AACH;;eAEcJ,Y"},"_coverageSchema":"1a1c01bbd47fc00a2c39e90264f33305004495a9","hash":"06f2701c75278f708e94f973af85b8417ad6d0c8","contentHash":"38e0fb8b156239163eefa3f245cf2b0ae5d9333f87dcb4d32940b3ca5c6f7ea4"}}